[ 2016-07-31T11:07:29+08:00 ] 127.0.0.1 /
INFO: [ app_init ] --START--
INFO: Run Behavior\BuildLiteBehavior [ RunTime:0.000031s ]
INFO: [ app_init ] --END-- [ RunTime:0.000850s ]
INFO: [ app_begin ] --START--
INFO: Run Behavior\ReadHtmlCacheBehavior [ RunTime:0.000650s ]
INFO: [ app_begin ] --END-- [ RunTime:0.000744s ]
NOTIC: [8] A session had already been started - ignoring session_start() /Library/WebServer/Documents/myblog/ThinkPHP/Common/functions.php 第 1263 行.
SQL: SHOW COLUMNS FROM `love_blog` [ RunTime:0.0091s ]
SQL: SHOW COLUMNS FROM `love_blog` [ RunTime:0.0004s ]
SQL: SELECT * FROM `love_blog` ORDER BY id DESC LIMIT 3   [ RunTime:0.0012s ]
SQL: SHOW COLUMNS FROM `love_gallery` [ RunTime:0.0014s ]
SQL: SHOW COLUMNS FROM `love_gallery` [ RunTime:0.0004s ]
SQL: SELECT * FROM `love_gallery` ORDER BY id desc LIMIT 6   [ RunTime:0.0002s ]
INFO: [ view_parse ] --START--
INFO: [ template_filter ] --START--
INFO: Run Behavior\ContentReplaceBehavior [ RunTime:0.000062s ]
INFO: [ template_filter ] --END-- [ RunTime:0.000144s ]
INFO: Run Behavior\ParseTemplateBehavior [ RunTime:0.034160s ]
INFO: [ view_parse ] --END-- [ RunTime:0.034251s ]
INFO: [ view_filter ] --START--
INFO: Run Behavior\WriteHtmlCacheBehavior [ RunTime:0.000385s ]
INFO: [ view_filter ] --END-- [ RunTime:0.000462s ]
INFO: [ app_end ] --START--
INFO: Run Behavior\ShowPageTraceBehavior [ RunTime:0.000798s ]
INFO: [ app_end ] --END-- [ RunTime:0.000929s ]

[ 2016-07-31T11:08:02+08:00 ] 127.0.0.1 /index.php/Home/Tours/tours.html
INFO: [ app_init ] --START--
INFO: Run Behavior\BuildLiteBehavior [ RunTime:0.000028s ]
INFO: [ app_init ] --END-- [ RunTime:0.000350s ]
INFO: [ app_begin ] --START--
INFO: Run Behavior\ReadHtmlCacheBehavior [ RunTime:0.000385s ]
INFO: [ app_begin ] --END-- [ RunTime:0.000462s ]
NOTIC: [8] A session had already been started - ignoring session_start() /Library/WebServer/Documents/myblog/ThinkPHP/Common/functions.php 第 1263 行.
SQL: SHOW COLUMNS FROM `love_blog` [ RunTime:0.0006s ]
SQL: SHOW COLUMNS FROM `love_blog` [ RunTime:0.0005s ]
SQL: SELECT * FROM `love_blog` WHERE ( tag="tours" ) ORDER BY date DESC LIMIT 9   [ RunTime:0.0013s ]
INFO: [ view_parse ] --START--
INFO: [ template_filter ] --START--
INFO: Run Behavior\ContentReplaceBehavior [ RunTime:0.000058s ]
INFO: [ template_filter ] --END-- [ RunTime:0.000139s ]
INFO: Run Behavior\ParseTemplateBehavior [ RunTime:0.021892s ]
INFO: [ view_parse ] --END-- [ RunTime:0.021979s ]
INFO: [ view_filter ] --START--
INFO: Run Behavior\WriteHtmlCacheBehavior [ RunTime:0.000140s ]
INFO: [ view_filter ] --END-- [ RunTime:0.000208s ]
INFO: [ app_end ] --START--
INFO: Run Behavior\ShowPageTraceBehavior [ RunTime:0.000700s ]
INFO: [ app_end ] --END-- [ RunTime:0.000849s ]

[ 2016-07-31T11:08:14+08:00 ] 127.0.0.1 /index.php/Home/Gallery/gallery.html
INFO: [ app_init ] --START--
INFO: Run Behavior\BuildLiteBehavior [ RunTime:0.000026s ]
INFO: [ app_init ] --END-- [ RunTime:0.000305s ]
INFO: [ app_begin ] --START--
INFO: Run Behavior\ReadHtmlCacheBehavior [ RunTime:0.000308s ]
INFO: [ app_begin ] --END-- [ RunTime:0.000378s ]
NOTIC: [8] A session had already been started - ignoring session_start() /Library/WebServer/Documents/myblog/ThinkPHP/Common/functions.php 第 1263 行.
SQL: SHOW COLUMNS FROM `love_gallery` [ RunTime:0.0006s ]
SQL: SHOW COLUMNS FROM `love_gallery` [ RunTime:0.0005s ]
SQL: SELECT * FROM `love_gallery` WHERE ( is_show = 1 ) ORDER BY id desc LIMIT 12   [ RunTime:0.0007s ]
INFO: [ view_parse ] --START--
INFO: [ template_filter ] --START--
INFO: Run Behavior\ContentReplaceBehavior [ RunTime:0.000096s ]
INFO: [ template_filter ] --END-- [ RunTime:0.000237s ]
INFO: Run Behavior\ParseTemplateBehavior [ RunTime:0.015893s ]
INFO: [ view_parse ] --END-- [ RunTime:0.015988s ]
INFO: [ view_filter ] --START--
INFO: Run Behavior\WriteHtmlCacheBehavior [ RunTime:0.000148s ]
INFO: [ view_filter ] --END-- [ RunTime:0.000216s ]
INFO: [ app_end ] --START--
INFO: Run Behavior\ShowPageTraceBehavior [ RunTime:0.000333s ]
INFO: [ app_end ] --END-- [ RunTime:0.000406s ]

[ 2016-07-31T11:08:17+08:00 ] 127.0.0.1 /index.php/Home/Feeling/feeling.html
INFO: [ app_init ] --START--
INFO: Run Behavior\BuildLiteBehavior [ RunTime:0.000017s ]
INFO: [ app_init ] --END-- [ RunTime:0.000234s ]
INFO: [ app_begin ] --START--
INFO: Run Behavior\ReadHtmlCacheBehavior [ RunTime:0.000299s ]
INFO: [ app_begin ] --END-- [ RunTime:0.000367s ]
NOTIC: [8] A session had already been started - ignoring session_start() /Library/WebServer/Documents/myblog/ThinkPHP/Common/functions.php 第 1263 行.
NOTIC: [2048] Declaration of Common\Model\FeelingModel::add() should be compatible with Think\Model::add($data = '', $options = Array, $replace = false) /Library/WebServer/Documents/myblog/Application/Common/Model/FeelingModel.class.php 第 5 行.
SQL: SHOW COLUMNS FROM `love_feeling` [ RunTime:0.0018s ]
SQL: SHOW COLUMNS FROM `love_feeling` [ RunTime:0.0012s ]
SQL: SELECT COUNT(*) AS tp_count FROM `love_feeling` LIMIT 1   [ RunTime:0.0011s ]
SQL: SELECT * FROM `love_feeling` LIMIT 0,5   [ RunTime:0.0006s ]
INFO: [ view_parse ] --START--
INFO: [ template_filter ] --START--
INFO: Run Behavior\ContentReplaceBehavior [ RunTime:0.000066s ]
INFO: [ template_filter ] --END-- [ RunTime:0.000157s ]
INFO: Run Behavior\ParseTemplateBehavior [ RunTime:0.018471s ]
INFO: [ view_parse ] --END-- [ RunTime:0.018556s ]
INFO: [ view_filter ] --START--
INFO: Run Behavior\WriteHtmlCacheBehavior [ RunTime:0.000143s ]
INFO: [ view_filter ] --END-- [ RunTime:0.000210s ]
INFO: [ app_end ] --START--
INFO: Run Behavior\ShowPageTraceBehavior [ RunTime:0.000453s ]
INFO: [ app_end ] --END-- [ RunTime:0.000602s ]

[ 2016-07-31T11:08:17+08:00 ] 127.0.0.1 /
INFO: [ app_init ] --START--
INFO: Run Behavior\BuildLiteBehavior [ RunTime:0.000027s ]
INFO: [ app_init ] --END-- [ RunTime:0.000426s ]
INFO: [ app_begin ] --START--
INFO: Run Behavior\ReadHtmlCacheBehavior [ RunTime:0.000460s ]
INFO: [ app_begin ] --END-- [ RunTime:0.000587s ]
NOTIC: [8] A session had already been started - ignoring session_start() /Library/WebServer/Documents/myblog/ThinkPHP/Common/functions.php 第 1263 行.
SQL: SHOW COLUMNS FROM `love_blog` [ RunTime:0.0007s ]
SQL: SHOW COLUMNS FROM `love_blog` [ RunTime:0.0008s ]
SQL: SELECT * FROM `love_blog` ORDER BY id DESC LIMIT 3   [ RunTime:0.0005s ]
SQL: SHOW COLUMNS FROM `love_gallery` [ RunTime:0.0006s ]
SQL: SHOW COLUMNS FROM `love_gallery` [ RunTime:0.0006s ]
SQL: SELECT * FROM `love_gallery` ORDER BY id desc LIMIT 6   [ RunTime:0.0002s ]
INFO: [ view_parse ] --START--
INFO: [ template_filter ] --START--
INFO: Run Behavior\ContentReplaceBehavior [ RunTime:0.000058s ]
INFO: [ template_filter ] --END-- [ RunTime:0.000136s ]
INFO: Run Behavior\ParseTemplateBehavior [ RunTime:0.007069s ]
INFO: [ view_parse ] --END-- [ RunTime:0.007151s ]
INFO: [ view_filter ] --START--
INFO: Run Behavior\WriteHtmlCacheBehavior [ RunTime:0.000134s ]
INFO: [ view_filter ] --END-- [ RunTime:0.000195s ]
INFO: [ app_end ] --START--
INFO: Run Behavior\ShowPageTraceBehavior [ RunTime:0.000505s ]
INFO: [ app_end ] --END-- [ RunTime:0.000680s ]

[ 2016-07-31T11:08:23+08:00 ] 127.0.0.1 /index.php/Home/Blog/blog.html
INFO: [ app_init ] --START--
INFO: Run Behavior\BuildLiteBehavior [ RunTime:0.000025s ]
INFO: [ app_init ] --END-- [ RunTime:0.000312s ]
INFO: [ app_begin ] --START--
INFO: Run Behavior\ReadHtmlCacheBehavior [ RunTime:0.000307s ]
INFO: [ app_begin ] --END-- [ RunTime:0.000376s ]
NOTIC: [8] A session had already been started - ignoring session_start() /Library/WebServer/Documents/myblog/ThinkPHP/Common/functions.php 第 1263 行.
SQL: SHOW COLUMNS FROM `love_blog` [ RunTime:0.0006s ]
SQL: SHOW COLUMNS FROM `love_blog` [ RunTime:0.0005s ]
SQL: SELECT COUNT(*) AS tp_count FROM `love_blog` LIMIT 1   [ RunTime:0.0002s ]
SQL: SELECT * FROM `love_blog` ORDER BY id desc LIMIT 0,5   [ RunTime:0.0004s ]
INFO: [ view_parse ] --START--
INFO: [ template_filter ] --START--
INFO: Run Behavior\ContentReplaceBehavior [ RunTime:0.000071s ]
INFO: [ template_filter ] --END-- [ RunTime:0.000156s ]
INFO: Run Behavior\ParseTemplateBehavior [ RunTime:0.011813s ]
INFO: [ view_parse ] --END-- [ RunTime:0.011894s ]
INFO: [ view_filter ] --START--
INFO: Run Behavior\WriteHtmlCacheBehavior [ RunTime:0.000166s ]
INFO: [ view_filter ] --END-- [ RunTime:0.000226s ]
INFO: [ app_end ] --START--
INFO: Run Behavior\ShowPageTraceBehavior [ RunTime:0.000464s ]
INFO: [ app_end ] --END-- [ RunTime:0.000569s ]

[ 2016-07-31T11:08:31+08:00 ] 127.0.0.1 /index.php/Home/Blog/blog.html
INFO: [ app_init ] --START--
INFO: Run Behavior\BuildLiteBehavior [ RunTime:0.000022s ]
INFO: [ app_init ] --END-- [ RunTime:0.000321s ]
INFO: [ app_begin ] --START--
INFO: Run Behavior\ReadHtmlCacheBehavior [ RunTime:0.000887s ]
INFO: [ app_begin ] --END-- [ RunTime:0.001183s ]
NOTIC: [8] A session had already been started - ignoring session_start() /Library/WebServer/Documents/myblog/ThinkPHP/Common/functions.php 第 1263 行.
SQL: SHOW COLUMNS FROM `love_blog` [ RunTime:0.0006s ]
SQL: SHOW COLUMNS FROM `love_blog` [ RunTime:0.0009s ]
SQL: SELECT COUNT(*) AS tp_count FROM `love_blog` LIMIT 1   [ RunTime:0.0005s ]
SQL: SELECT * FROM `love_blog` ORDER BY id desc LIMIT 0,5   [ RunTime:0.0005s ]
INFO: [ view_parse ] --START--
INFO: [ template_filter ] --START--
INFO: Run Behavior\ContentReplaceBehavior [ RunTime:0.000046s ]
INFO: [ template_filter ] --END-- [ RunTime:0.000117s ]
INFO: Run Behavior\ParseTemplateBehavior [ RunTime:0.008306s ]
INFO: [ view_parse ] --END-- [ RunTime:0.008374s ]
INFO: [ view_filter ] --START--
INFO: Run Behavior\WriteHtmlCacheBehavior [ RunTime:0.000110s ]
INFO: [ view_filter ] --END-- [ RunTime:0.000168s ]
INFO: [ app_end ] --START--
INFO: Run Behavior\ShowPageTraceBehavior [ RunTime:0.000335s ]
INFO: [ app_end ] --END-- [ RunTime:0.000431s ]

[ 2016-07-31T11:08:32+08:00 ] 127.0.0.1 /index.php/Home/Blog/blog.html
INFO: [ app_init ] --START--
INFO: Run Behavior\BuildLiteBehavior [ RunTime:0.000017s ]
INFO: [ app_init ] --END-- [ RunTime:0.000229s ]
INFO: [ app_begin ] --START--
INFO: Run Behavior\ReadHtmlCacheBehavior [ RunTime:0.000325s ]
INFO: [ app_begin ] --END-- [ RunTime:0.000399s ]
NOTIC: [8] A session had already been started - ignoring session_start() /Library/WebServer/Documents/myblog/ThinkPHP/Common/functions.php 第 1263 行.
SQL: SHOW COLUMNS FROM `love_blog` [ RunTime:0.0007s ]
SQL: SHOW COLUMNS FROM `love_blog` [ RunTime:0.0004s ]
SQL: SELECT COUNT(*) AS tp_count FROM `love_blog` LIMIT 1   [ RunTime:0.0002s ]
SQL: SELECT * FROM `love_blog` ORDER BY id desc LIMIT 0,5   [ RunTime:0.0004s ]
INFO: [ view_parse ] --START--
INFO: [ template_filter ] --START--
INFO: Run Behavior\ContentReplaceBehavior [ RunTime:0.000073s ]
INFO: [ template_filter ] --END-- [ RunTime:0.000177s ]
INFO: Run Behavior\ParseTemplateBehavior [ RunTime:0.011599s ]
INFO: [ view_parse ] --END-- [ RunTime:0.011681s ]
INFO: [ view_filter ] --START--
INFO: Run Behavior\WriteHtmlCacheBehavior [ RunTime:0.000186s ]
INFO: [ view_filter ] --END-- [ RunTime:0.000250s ]
INFO: [ app_end ] --START--
INFO: Run Behavior\ShowPageTraceBehavior [ RunTime:0.000501s ]
INFO: [ app_end ] --END-- [ RunTime:0.000617s ]

[ 2016-07-31T11:08:33+08:00 ] 127.0.0.1 /index.php/Home/Feeling/feeling.html
INFO: [ app_init ] --START--
INFO: Run Behavior\BuildLiteBehavior [ RunTime:0.000021s ]
INFO: [ app_init ] --END-- [ RunTime:0.000343s ]
INFO: [ app_begin ] --START--
INFO: Run Behavior\ReadHtmlCacheBehavior [ RunTime:0.000337s ]
INFO: [ app_begin ] --END-- [ RunTime:0.000436s ]
NOTIC: [8] A session had already been started - ignoring session_start() /Library/WebServer/Documents/myblog/ThinkPHP/Common/functions.php 第 1263 行.
NOTIC: [2048] Declaration of Common\Model\FeelingModel::add() should be compatible with Think\Model::add($data = '', $options = Array, $replace = false) /Library/WebServer/Documents/myblog/Application/Common/Model/FeelingModel.class.php 第 5 行.
SQL: SHOW COLUMNS FROM `love_feeling` [ RunTime:0.0005s ]
SQL: SHOW COLUMNS FROM `love_feeling` [ RunTime:0.0004s ]
SQL: SELECT COUNT(*) AS tp_count FROM `love_feeling` LIMIT 1   [ RunTime:0.0002s ]
SQL: SELECT * FROM `love_feeling` LIMIT 0,5   [ RunTime:0.0003s ]
INFO: [ view_parse ] --START--
INFO: [ template_filter ] --START--
INFO: Run Behavior\ContentReplaceBehavior [ RunTime:0.000046s ]
INFO: [ template_filter ] --END-- [ RunTime:0.000129s ]
INFO: Run Behavior\ParseTemplateBehavior [ RunTime:0.007341s ]
INFO: [ view_parse ] --END-- [ RunTime:0.007413s ]
INFO: [ view_filter ] --START--
INFO: Run Behavior\WriteHtmlCacheBehavior [ RunTime:0.000127s ]
INFO: [ view_filter ] --END-- [ RunTime:0.000187s ]
INFO: [ app_end ] --START--
INFO: Run Behavior\ShowPageTraceBehavior [ RunTime:0.000373s ]
INFO: [ app_end ] --END-- [ RunTime:0.000511s ]

[ 2016-07-31T11:08:33+08:00 ] 127.0.0.1 /
INFO: [ app_init ] --START--
INFO: Run Behavior\BuildLiteBehavior [ RunTime:0.000029s ]
INFO: [ app_init ] --END-- [ RunTime:0.000411s ]
INFO: [ app_begin ] --START--
INFO: Run Behavior\ReadHtmlCacheBehavior [ RunTime:0.000265s ]
INFO: [ app_begin ] --END-- [ RunTime:0.000331s ]
NOTIC: [8] A session had already been started - ignoring session_start() /Library/WebServer/Documents/myblog/ThinkPHP/Common/functions.php 第 1263 行.
SQL: SHOW COLUMNS FROM `love_blog` [ RunTime:0.0006s ]
SQL: SHOW COLUMNS FROM `love_blog` [ RunTime:0.0004s ]
SQL: SELECT * FROM `love_blog` ORDER BY id DESC LIMIT 3   [ RunTime:0.0004s ]
SQL: SHOW COLUMNS FROM `love_gallery` [ RunTime:0.0007s ]
SQL: SHOW COLUMNS FROM `love_gallery` [ RunTime:0.0005s ]
SQL: SELECT * FROM `love_gallery` ORDER BY id desc LIMIT 6   [ RunTime:0.0003s ]
INFO: [ view_parse ] --START--
INFO: [ template_filter ] --START--
INFO: Run Behavior\ContentReplaceBehavior [ RunTime:0.000049s ]
INFO: [ template_filter ] --END-- [ RunTime:0.000157s ]
INFO: Run Behavior\ParseTemplateBehavior [ RunTime:0.007570s ]
INFO: [ view_parse ] --END-- [ RunTime:0.007646s ]
INFO: [ view_filter ] --START--
INFO: Run Behavior\WriteHtmlCacheBehavior [ RunTime:0.000150s ]
INFO: [ view_filter ] --END-- [ RunTime:0.000210s ]
INFO: [ app_end ] --START--
INFO: Run Behavior\ShowPageTraceBehavior [ RunTime:0.000548s ]
INFO: [ app_end ] --END-- [ RunTime:0.000686s ]

[ 2016-07-31T11:08:34+08:00 ] 127.0.0.1 /index.php/Home/Gallery/gallery.html
INFO: [ app_init ] --START--
INFO: Run Behavior\BuildLiteBehavior [ RunTime:0.000017s ]
INFO: [ app_init ] --END-- [ RunTime:0.000226s ]
INFO: [ app_begin ] --START--
INFO: Run Behavior\ReadHtmlCacheBehavior [ RunTime:0.000240s ]
INFO: [ app_begin ] --END-- [ RunTime:0.000305s ]
NOTIC: [8] A session had already been started - ignoring session_start() /Library/WebServer/Documents/myblog/ThinkPHP/Common/functions.php 第 1263 行.
SQL: SHOW COLUMNS FROM `love_gallery` [ RunTime:0.0005s ]
SQL: SHOW COLUMNS FROM `love_gallery` [ RunTime:0.0004s ]
SQL: SELECT * FROM `love_gallery` WHERE ( is_show = 1 ) ORDER BY id desc LIMIT 12   [ RunTime:0.0003s ]
INFO: [ view_parse ] --START--
INFO: [ template_filter ] --START--
INFO: Run Behavior\ContentReplaceBehavior [ RunTime:0.000041s ]
INFO: [ template_filter ] --END-- [ RunTime:0.000115s ]
INFO: Run Behavior\ParseTemplateBehavior [ RunTime:0.005231s ]
INFO: [ view_parse ] --END-- [ RunTime:0.005300s ]
INFO: [ view_filter ] --START--
INFO: Run Behavior\WriteHtmlCacheBehavior [ RunTime:0.000116s ]
INFO: [ view_filter ] --END-- [ RunTime:0.000175s ]
INFO: [ app_end ] --START--
INFO: Run Behavior\ShowPageTraceBehavior [ RunTime:0.000260s ]
INFO: [ app_end ] --END-- [ RunTime:0.000321s ]

[ 2016-07-31T11:08:34+08:00 ] 127.0.0.1 /index.php/Home/Tours/tours.html
INFO: [ app_init ] --START--
INFO: Run Behavior\BuildLiteBehavior [ RunTime:0.000015s ]
INFO: [ app_init ] --END-- [ RunTime:0.000222s ]
INFO: [ app_begin ] --START--
INFO: Run Behavior\ReadHtmlCacheBehavior [ RunTime:0.000239s ]
INFO: [ app_begin ] --END-- [ RunTime:0.000301s ]
NOTIC: [8] A session had already been started - ignoring session_start() /Library/WebServer/Documents/myblog/ThinkPHP/Common/functions.php 第 1263 行.
SQL: SHOW COLUMNS FROM `love_blog` [ RunTime:0.0006s ]
SQL: SHOW COLUMNS FROM `love_blog` [ RunTime:0.0005s ]
SQL: SELECT * FROM `love_blog` WHERE ( tag="tours" ) ORDER BY date DESC LIMIT 9   [ RunTime:0.0003s ]
INFO: [ view_parse ] --START--
INFO: [ template_filter ] --START--
INFO: Run Behavior\ContentReplaceBehavior [ RunTime:0.000044s ]
INFO: [ template_filter ] --END-- [ RunTime:0.000126s ]
INFO: Run Behavior\ParseTemplateBehavior [ RunTime:0.006924s ]
INFO: [ view_parse ] --END-- [ RunTime:0.006995s ]
INFO: [ view_filter ] --START--
INFO: Run Behavior\WriteHtmlCacheBehavior [ RunTime:0.000121s ]
INFO: [ view_filter ] --END-- [ RunTime:0.000181s ]
INFO: [ app_end ] --START--
INFO: Run Behavior\ShowPageTraceBehavior [ RunTime:0.000380s ]
INFO: [ app_end ] --END-- [ RunTime:0.000520s ]

[ 2016-07-31T11:08:35+08:00 ] 127.0.0.1 /index.php/Home/Index/index.html
INFO: [ app_init ] --START--
INFO: Run Behavior\BuildLiteBehavior [ RunTime:0.000015s ]
INFO: [ app_init ] --END-- [ RunTime:0.000212s ]
INFO: [ app_begin ] --START--
INFO: Run Behavior\ReadHtmlCacheBehavior [ RunTime:0.000307s ]
INFO: [ app_begin ] --END-- [ RunTime:0.000402s ]
NOTIC: [8] A session had already been started - ignoring session_start() /Library/WebServer/Documents/myblog/ThinkPHP/Common/functions.php 第 1263 行.
SQL: SHOW COLUMNS FROM `love_blog` [ RunTime:0.0006s ]
SQL: SHOW COLUMNS FROM `love_blog` [ RunTime:0.0005s ]
SQL: SELECT * FROM `love_blog` ORDER BY id DESC LIMIT 3   [ RunTime:0.0003s ]
SQL: SHOW COLUMNS FROM `love_gallery` [ RunTime:0.0005s ]
SQL: SHOW COLUMNS FROM `love_gallery` [ RunTime:0.0004s ]
SQL: SELECT * FROM `love_gallery` ORDER BY id desc LIMIT 6   [ RunTime:0.0002s ]
INFO: [ view_parse ] --START--
INFO: [ template_filter ] --START--
INFO: Run Behavior\ContentReplaceBehavior [ RunTime:0.000075s ]
INFO: [ template_filter ] --END-- [ RunTime:0.000218s ]
INFO: Run Behavior\ParseTemplateBehavior [ RunTime:0.007706s ]
INFO: [ view_parse ] --END-- [ RunTime:0.007784s ]
INFO: [ view_filter ] --START--
INFO: Run Behavior\WriteHtmlCacheBehavior [ RunTime:0.000144s ]
INFO: [ view_filter ] --END-- [ RunTime:0.000207s ]
INFO: [ app_end ] --START--
INFO: Run Behavior\ShowPageTraceBehavior [ RunTime:0.000409s ]
INFO: [ app_end ] --END-- [ RunTime:0.000544s ]

[ 2016-07-31T11:08:35+08:00 ] 127.0.0.1 /index.php/Home/Tours/tours.html
INFO: [ app_init ] --START--
INFO: Run Behavior\BuildLiteBehavior [ RunTime:0.000050s ]
INFO: [ app_init ] --END-- [ RunTime:0.000442s ]
INFO: [ app_begin ] --START--
INFO: Run Behavior\ReadHtmlCacheBehavior [ RunTime:0.000633s ]
INFO: [ app_begin ] --END-- [ RunTime:0.000791s ]
NOTIC: [8] A session had already been started - ignoring session_start() /Library/WebServer/Documents/myblog/ThinkPHP/Common/functions.php 第 1263 行.
SQL: SHOW COLUMNS FROM `love_blog` [ RunTime:0.0006s ]
SQL: SHOW COLUMNS FROM `love_blog` [ RunTime:0.0005s ]
SQL: SELECT * FROM `love_blog` WHERE ( tag="tours" ) ORDER BY date DESC LIMIT 9   [ RunTime:0.0004s ]
INFO: [ view_parse ] --START--
INFO: [ template_filter ] --START--
INFO: Run Behavior\ContentReplaceBehavior [ RunTime:0.000054s ]
INFO: [ template_filter ] --END-- [ RunTime:0.000178s ]
INFO: Run Behavior\ParseTemplateBehavior [ RunTime:0.008945s ]
INFO: [ view_parse ] --END-- [ RunTime:0.009026s ]
INFO: [ view_filter ] --START--
INFO: Run Behavior\WriteHtmlCacheBehavior [ RunTime:0.000152s ]
INFO: [ view_filter ] --END-- [ RunTime:0.000218s ]
INFO: [ app_end ] --START--
INFO: Run Behavior\ShowPageTraceBehavior [ RunTime:0.000484s ]
INFO: [ app_end ] --END-- [ RunTime:0.000615s ]

[ 2016-07-31T11:08:36+08:00 ] 127.0.0.1 /index.php/Home/Gallery/gallery.html
INFO: [ app_init ] --START--
INFO: Run Behavior\BuildLiteBehavior [ RunTime:0.000066s ]
INFO: [ app_init ] --END-- [ RunTime:0.000366s ]
INFO: [ app_begin ] --START--
INFO: Run Behavior\ReadHtmlCacheBehavior [ RunTime:0.000256s ]
INFO: [ app_begin ] --END-- [ RunTime:0.000322s ]
NOTIC: [8] A session had already been started - ignoring session_start() /Library/WebServer/Documents/myblog/ThinkPHP/Common/functions.php 第 1263 行.
SQL: SHOW COLUMNS FROM `love_gallery` [ RunTime:0.0005s ]
SQL: SHOW COLUMNS FROM `love_gallery` [ RunTime:0.0004s ]
SQL: SELECT * FROM `love_gallery` WHERE ( is_show = 1 ) ORDER BY id desc LIMIT 12   [ RunTime:0.0002s ]
INFO: [ view_parse ] --START--
INFO: [ template_filter ] --START--
INFO: Run Behavior\ContentReplaceBehavior [ RunTime:0.000044s ]
INFO: [ template_filter ] --END-- [ RunTime:0.000125s ]
INFO: Run Behavior\ParseTemplateBehavior [ RunTime:0.007708s ]
INFO: [ view_parse ] --END-- [ RunTime:0.007775s ]
INFO: [ view_filter ] --START--
INFO: Run Behavior\WriteHtmlCacheBehavior [ RunTime:0.000184s ]
INFO: [ view_filter ] --END-- [ RunTime:0.000243s ]
INFO: [ app_end ] --START--
INFO: Run Behavior\ShowPageTraceBehavior [ RunTime:0.000350s ]
INFO: [ app_end ] --END-- [ RunTime:0.000412s ]

[ 2016-07-31T11:08:36+08:00 ] 127.0.0.1 /index.php/Home/Feeling/feeling.html
INFO: [ app_init ] --START--
INFO: Run Behavior\BuildLiteBehavior [ RunTime:0.000017s ]
INFO: [ app_init ] --END-- [ RunTime:0.000244s ]
INFO: [ app_begin ] --START--
INFO: Run Behavior\ReadHtmlCacheBehavior [ RunTime:0.000715s ]
INFO: [ app_begin ] --END-- [ RunTime:0.000922s ]
NOTIC: [8] A session had already been started - ignoring session_start() /Library/WebServer/Documents/myblog/ThinkPHP/Common/functions.php 第 1263 行.
NOTIC: [2048] Declaration of Common\Model\FeelingModel::add() should be compatible with Think\Model::add($data = '', $options = Array, $replace = false) /Library/WebServer/Documents/myblog/Application/Common/Model/FeelingModel.class.php 第 5 行.
SQL: SHOW COLUMNS FROM `love_feeling` [ RunTime:0.0005s ]
SQL: SHOW COLUMNS FROM `love_feeling` [ RunTime:0.0004s ]
SQL: SELECT COUNT(*) AS tp_count FROM `love_feeling` LIMIT 1   [ RunTime:0.0002s ]
SQL: SELECT * FROM `love_feeling` LIMIT 0,5   [ RunTime:0.0003s ]
INFO: [ view_parse ] --START--
INFO: [ template_filter ] --START--
INFO: Run Behavior\ContentReplaceBehavior [ RunTime:0.000041s ]
INFO: [ template_filter ] --END-- [ RunTime:0.000113s ]
INFO: Run Behavior\ParseTemplateBehavior [ RunTime:0.005380s ]
INFO: [ view_parse ] --END-- [ RunTime:0.005449s ]
INFO: [ view_filter ] --START--
INFO: Run Behavior\WriteHtmlCacheBehavior [ RunTime:0.000243s ]
INFO: [ view_filter ] --END-- [ RunTime:0.000320s ]
INFO: [ app_end ] --START--
INFO: Run Behavior\ShowPageTraceBehavior [ RunTime:0.000886s ]
INFO: [ app_end ] --END-- [ RunTime:0.001210s ]

[ 2016-07-31T11:08:37+08:00 ] 127.0.0.1 /
INFO: [ app_init ] --START--
INFO: Run Behavior\BuildLiteBehavior [ RunTime:0.000017s ]
INFO: [ app_init ] --END-- [ RunTime:0.000241s ]
INFO: [ app_begin ] --START--
INFO: Run Behavior\ReadHtmlCacheBehavior [ RunTime:0.000288s ]
INFO: [ app_begin ] --END-- [ RunTime:0.000360s ]
NOTIC: [8] A session had already been started - ignoring session_start() /Library/WebServer/Documents/myblog/ThinkPHP/Common/functions.php 第 1263 行.
SQL: SHOW COLUMNS FROM `love_blog` [ RunTime:0.0005s ]
SQL: SHOW COLUMNS FROM `love_blog` [ RunTime:0.0006s ]
SQL: SELECT * FROM `love_blog` ORDER BY id DESC LIMIT 3   [ RunTime:0.0004s ]
SQL: SHOW COLUMNS FROM `love_gallery` [ RunTime:0.0005s ]
SQL: SHOW COLUMNS FROM `love_gallery` [ RunTime:0.0005s ]
SQL: SELECT * FROM `love_gallery` ORDER BY id desc LIMIT 6   [ RunTime:0.0003s ]
INFO: [ view_parse ] --START--
INFO: [ template_filter ] --START--
INFO: Run Behavior\ContentReplaceBehavior [ RunTime:0.000057s ]
INFO: [ template_filter ] --END-- [ RunTime:0.000161s ]
INFO: Run Behavior\ParseTemplateBehavior [ RunTime:0.008363s ]
INFO: [ view_parse ] --END-- [ RunTime:0.008446s ]
INFO: [ view_filter ] --START--
INFO: Run Behavior\WriteHtmlCacheBehavior [ RunTime:0.000162s ]
INFO: [ view_filter ] --END-- [ RunTime:0.000223s ]
INFO: [ app_end ] --START--
INFO: Run Behavior\ShowPageTraceBehavior [ RunTime:0.000449s ]
INFO: [ app_end ] --END-- [ RunTime:0.000558s ]

[ 2016-07-31T11:08:37+08:00 ] 127.0.0.1 /index.php/Home/Blog/blog.html
INFO: [ app_init ] --START--
INFO: Run Behavior\BuildLiteBehavior [ RunTime:0.000015s ]
INFO: [ app_init ] --END-- [ RunTime:0.000231s ]
INFO: [ app_begin ] --START--
INFO: Run Behavior\ReadHtmlCacheBehavior [ RunTime:0.000241s ]
INFO: [ app_begin ] --END-- [ RunTime:0.000306s ]
NOTIC: [8] A session had already been started - ignoring session_start() /Library/WebServer/Documents/myblog/ThinkPHP/Common/functions.php 第 1263 行.
SQL: SHOW COLUMNS FROM `love_blog` [ RunTime:0.0004s ]
SQL: SHOW COLUMNS FROM `love_blog` [ RunTime:0.0004s ]
SQL: SELECT COUNT(*) AS tp_count FROM `love_blog` LIMIT 1   [ RunTime:0.0002s ]
SQL: SELECT * FROM `love_blog` ORDER BY id desc LIMIT 0,5   [ RunTime:0.0003s ]
INFO: [ view_parse ] --START--
INFO: [ template_filter ] --START--
INFO: Run Behavior\ContentReplaceBehavior [ RunTime:0.000045s ]
INFO: [ template_filter ] --END-- [ RunTime:0.000113s ]
INFO: Run Behavior\ParseTemplateBehavior [ RunTime:0.009787s ]
INFO: [ view_parse ] --END-- [ RunTime:0.009898s ]
INFO: [ view_filter ] --START--
INFO: Run Behavior\WriteHtmlCacheBehavior [ RunTime:0.000159s ]
INFO: [ view_filter ] --END-- [ RunTime:0.000218s ]
INFO: [ app_end ] --START--
INFO: Run Behavior\ShowPageTraceBehavior [ RunTime:0.000359s ]
INFO: [ app_end ] --END-- [ RunTime:0.000471s ]

[ 2016-07-31T11:08:38+08:00 ] 127.0.0.1 /index.php/Home/Blog/blog.html
INFO: [ app_init ] --START--
INFO: Run Behavior\BuildLiteBehavior [ RunTime:0.000035s ]
INFO: [ app_init ] --END-- [ RunTime:0.000605s ]
INFO: [ app_begin ] --START--
INFO: Run Behavior\ReadHtmlCacheBehavior [ RunTime:0.000686s ]
INFO: [ app_begin ] --END-- [ RunTime:0.000945s ]
NOTIC: [8] A session had already been started - ignoring session_start() /Library/WebServer/Documents/myblog/ThinkPHP/Common/functions.php 第 1263 行.
SQL: SHOW COLUMNS FROM `love_blog` [ RunTime:0.0005s ]
SQL: SHOW COLUMNS FROM `love_blog` [ RunTime:0.0004s ]
SQL: SELECT COUNT(*) AS tp_count FROM `love_blog` LIMIT 1   [ RunTime:0.0002s ]
SQL: SELECT * FROM `love_blog` ORDER BY id desc LIMIT 0,5   [ RunTime:0.0003s ]
INFO: [ view_parse ] --START--
INFO: [ template_filter ] --START--
INFO: Run Behavior\ContentReplaceBehavior [ RunTime:0.000104s ]
INFO: [ template_filter ] --END-- [ RunTime:0.000228s ]
INFO: Run Behavior\ParseTemplateBehavior [ RunTime:0.010109s ]
INFO: [ view_parse ] --END-- [ RunTime:0.010190s ]
INFO: [ view_filter ] --START--
INFO: Run Behavior\WriteHtmlCacheBehavior [ RunTime:0.000121s ]
INFO: [ view_filter ] --END-- [ RunTime:0.000179s ]
INFO: [ app_end ] --START--
INFO: Run Behavior\ShowPageTraceBehavior [ RunTime:0.000386s ]
INFO: [ app_end ] --END-- [ RunTime:0.000503s ]

[ 2016-07-31T11:08:39+08:00 ] 127.0.0.1 /index.php/Home/Index/index.html
INFO: [ app_init ] --START--
INFO: Run Behavior\BuildLiteBehavior [ RunTime:0.000017s ]
INFO: [ app_init ] --END-- [ RunTime:0.000277s ]
INFO: [ app_begin ] --START--
INFO: Run Behavior\ReadHtmlCacheBehavior [ RunTime:0.000686s ]
INFO: [ app_begin ] --END-- [ RunTime:0.000801s ]
NOTIC: [8] A session had already been started - ignoring session_start() /Library/WebServer/Documents/myblog/ThinkPHP/Common/functions.php 第 1263 行.
SQL: SHOW COLUMNS FROM `love_blog` [ RunTime:0.0005s ]
SQL: SHOW COLUMNS FROM `love_blog` [ RunTime:0.0005s ]
SQL: SELECT * FROM `love_blog` ORDER BY id DESC LIMIT 3   [ RunTime:0.0003s ]
SQL: SHOW COLUMNS FROM `love_gallery` [ RunTime:0.0004s ]
SQL: SHOW COLUMNS FROM `love_gallery` [ RunTime:0.0004s ]
SQL: SELECT * FROM `love_gallery` ORDER BY id desc LIMIT 6   [ RunTime:0.0002s ]
INFO: [ view_parse ] --START--
INFO: [ template_filter ] --START--
INFO: Run Behavior\ContentReplaceBehavior [ RunTime:0.000048s ]
INFO: [ template_filter ] --END-- [ RunTime:0.000129s ]
INFO: Run Behavior\ParseTemplateBehavior [ RunTime:0.007826s ]
INFO: [ view_parse ] --END-- [ RunTime:0.007903s ]
INFO: [ view_filter ] --START--
INFO: Run Behavior\WriteHtmlCacheBehavior [ RunTime:0.000161s ]
INFO: [ view_filter ] --END-- [ RunTime:0.000220s ]
INFO: [ app_end ] --START--
INFO: Run Behavior\ShowPageTraceBehavior [ RunTime:0.000398s ]
INFO: [ app_end ] --END-- [ RunTime:0.000503s ]

[ 2016-07-31T11:08:56+08:00 ] 127.0.0.1 /
INFO: [ app_init ] --START--
INFO: Run Behavior\BuildLiteBehavior [ RunTime:0.000029s ]
INFO: [ app_init ] --END-- [ RunTime:0.000345s ]
INFO: [ app_begin ] --START--
INFO: Run Behavior\ReadHtmlCacheBehavior [ RunTime:0.000337s ]
INFO: [ app_begin ] --END-- [ RunTime:0.000433s ]
NOTIC: [8] A session had already been started - ignoring session_start() /Library/WebServer/Documents/myblog/ThinkPHP/Common/functions.php 第 1263 行.
SQL: SHOW COLUMNS FROM `love_blog` [ RunTime:0.0006s ]
SQL: SHOW COLUMNS FROM `love_blog` [ RunTime:0.0006s ]
SQL: SELECT * FROM `love_blog` ORDER BY id DESC LIMIT 3   [ RunTime:0.0004s ]
SQL: SHOW COLUMNS FROM `love_gallery` [ RunTime:0.0008s ]
SQL: SHOW COLUMNS FROM `love_gallery` [ RunTime:0.0004s ]
SQL: SELECT * FROM `love_gallery` ORDER BY id desc LIMIT 6   [ RunTime:0.0002s ]
INFO: [ view_parse ] --START--
INFO: [ template_filter ] --START--
INFO: Run Behavior\ContentReplaceBehavior [ RunTime:0.000170s ]
INFO: [ template_filter ] --END-- [ RunTime:0.000308s ]
INFO: Run Behavior\ParseTemplateBehavior [ RunTime:0.013884s ]
INFO: [ view_parse ] --END-- [ RunTime:0.014033s ]
INFO: [ view_filter ] --START--
INFO: Run Behavior\WriteHtmlCacheBehavior [ RunTime:0.000141s ]
INFO: [ view_filter ] --END-- [ RunTime:0.000209s ]
INFO: [ app_end ] --START--
INFO: Run Behavior\ShowPageTraceBehavior [ RunTime:0.000552s ]
INFO: [ app_end ] --END-- [ RunTime:0.000661s ]

[ 2016-07-31T11:11:36+08:00 ] 127.0.0.1 /index.php/Home/Index/index.html
INFO: [ app_init ] --START--
INFO: Run Behavior\BuildLiteBehavior [ RunTime:0.000054s ]
INFO: [ app_init ] --END-- [ RunTime:0.000777s ]
INFO: [ app_begin ] --START--
INFO: Run Behavior\ReadHtmlCacheBehavior [ RunTime:0.000363s ]
INFO: [ app_begin ] --END-- [ RunTime:0.000459s ]
NOTIC: [8] A session had already been started - ignoring session_start() /Library/WebServer/Documents/myblog/ThinkPHP/Common/functions.php 第 1263 行.
SQL: SHOW COLUMNS FROM `love_blog` [ RunTime:0.0004s ]
SQL: SHOW COLUMNS FROM `love_blog` [ RunTime:0.0004s ]
SQL: SELECT * FROM `love_blog` ORDER BY id DESC LIMIT 3   [ RunTime:0.0003s ]
SQL: SHOW COLUMNS FROM `love_gallery` [ RunTime:0.0004s ]
SQL: SHOW COLUMNS FROM `love_gallery` [ RunTime:0.0005s ]
SQL: SELECT * FROM `love_gallery` ORDER BY id desc LIMIT 6   [ RunTime:0.0003s ]
INFO: [ view_parse ] --START--
INFO: [ template_filter ] --START--
INFO: Run Behavior\ContentReplaceBehavior [ RunTime:0.000046s ]
INFO: [ template_filter ] --END-- [ RunTime:0.000125s ]
INFO: Run Behavior\ParseTemplateBehavior [ RunTime:0.006790s ]
INFO: [ view_parse ] --END-- [ RunTime:0.006861s ]
INFO: [ view_filter ] --START--
INFO: Run Behavior\WriteHtmlCacheBehavior [ RunTime:0.000126s ]
INFO: [ view_filter ] --END-- [ RunTime:0.000187s ]
INFO: [ app_end ] --START--
INFO: Run Behavior\ShowPageTraceBehavior [ RunTime:0.000420s ]
INFO: [ app_end ] --END-- [ RunTime:0.000561s ]

[ 2016-07-31T11:12:55+08:00 ] 127.0.0.1 /index.php/Home/Blog/content.html?id=9
INFO: [ app_init ] --START--
INFO: Run Behavior\BuildLiteBehavior [ RunTime:0.000031s ]
INFO: [ app_init ] --END-- [ RunTime:0.000416s ]
INFO: [ app_begin ] --START--
INFO: Run Behavior\ReadHtmlCacheBehavior [ RunTime:0.000337s ]
INFO: [ app_begin ] --END-- [ RunTime:0.000424s ]
NOTIC: [8] A session had already been started - ignoring session_start() /Library/WebServer/Documents/myblog/ThinkPHP/Common/functions.php 第 1263 行.
SQL: SHOW COLUMNS FROM `love_blog` [ RunTime:0.0005s ]
SQL: SHOW COLUMNS FROM `love_blog` [ RunTime:0.0004s ]
SQL: SELECT * FROM `love_blog` WHERE ( id=9 ) LIMIT 1   [ RunTime:0.0003s ]
INFO: [ view_parse ] --START--
INFO: [ template_filter ] --START--
INFO: Run Behavior\ContentReplaceBehavior [ RunTime:0.000077s ]
INFO: [ template_filter ] --END-- [ RunTime:0.000198s ]
INFO: Run Behavior\ParseTemplateBehavior [ RunTime:0.010051s ]
INFO: [ view_parse ] --END-- [ RunTime:0.010124s ]
INFO: [ view_filter ] --START--
INFO: Run Behavior\WriteHtmlCacheBehavior [ RunTime:0.000128s ]
INFO: [ view_filter ] --END-- [ RunTime:0.000188s ]
INFO: [ app_end ] --START--
INFO: Run Behavior\ShowPageTraceBehavior [ RunTime:0.000422s ]
INFO: [ app_end ] --END-- [ RunTime:0.000530s ]

[ 2016-07-31T11:13:19+08:00 ] 127.0.0.1 /index.php/Home/Index/singlepage.html
INFO: [ app_init ] --START--
INFO: Run Behavior\BuildLiteBehavior [ RunTime:0.000021s ]
INFO: [ app_init ] --END-- [ RunTime:0.000390s ]
INFO: [ app_begin ] --START--
INFO: Run Behavior\ReadHtmlCacheBehavior [ RunTime:0.000282s ]
INFO: [ app_begin ] --END-- [ RunTime:0.000355s ]
NOTIC: [8] A session had already been started - ignoring session_start() /Library/WebServer/Documents/myblog/ThinkPHP/Common/functions.php 第 1263 行.
ERR: 非法操作:singlepage

[ 2016-07-31T11:13:35+08:00 ] 127.0.0.1 /index.php/Home/Tours/tours.html
INFO: [ app_init ] --START--
INFO: Run Behavior\BuildLiteBehavior [ RunTime:0.000017s ]
INFO: [ app_init ] --END-- [ RunTime:0.000234s ]
INFO: [ app_begin ] --START--
INFO: Run Behavior\ReadHtmlCacheBehavior [ RunTime:0.000287s ]
INFO: [ app_begin ] --END-- [ RunTime:0.000361s ]
NOTIC: [8] A session had already been started - ignoring session_start() /Library/WebServer/Documents/myblog/ThinkPHP/Common/functions.php 第 1263 行.
SQL: SHOW COLUMNS FROM `love_blog` [ RunTime:0.0005s ]
SQL: SHOW COLUMNS FROM `love_blog` [ RunTime:0.0004s ]
SQL: SELECT * FROM `love_blog` WHERE ( tag="tours" ) ORDER BY date DESC LIMIT 9   [ RunTime:0.0004s ]
INFO: [ view_parse ] --START--
INFO: [ template_filter ] --START--
INFO: Run Behavior\ContentReplaceBehavior [ RunTime:0.000045s ]
INFO: [ template_filter ] --END-- [ RunTime:0.000124s ]
INFO: Run Behavior\ParseTemplateBehavior [ RunTime:0.008578s ]
INFO: [ view_parse ] --END-- [ RunTime:0.008650s ]
INFO: [ view_filter ] --START--
INFO: Run Behavior\WriteHtmlCacheBehavior [ RunTime:0.000176s ]
INFO: [ view_filter ] --END-- [ RunTime:0.000243s ]
INFO: [ app_end ] --START--
INFO: Run Behavior\ShowPageTraceBehavior [ RunTime:0.000535s ]
INFO: [ app_end ] --END-- [ RunTime:0.000638s ]

[ 2016-07-31T11:13:36+08:00 ] 127.0.0.1 /index.php/Home/Gallery/gallery.html
INFO: [ app_init ] --START--
INFO: Run Behavior\BuildLiteBehavior [ RunTime:0.000017s ]
INFO: [ app_init ] --END-- [ RunTime:0.000231s ]
INFO: [ app_begin ] --START--
INFO: Run Behavior\ReadHtmlCacheBehavior [ RunTime:0.000251s ]
INFO: [ app_begin ] --END-- [ RunTime:0.000318s ]
NOTIC: [8] A session had already been started - ignoring session_start() /Library/WebServer/Documents/myblog/ThinkPHP/Common/functions.php 第 1263 行.
SQL: SHOW COLUMNS FROM `love_gallery` [ RunTime:0.0005s ]
SQL: SHOW COLUMNS FROM `love_gallery` [ RunTime:0.0005s ]
SQL: SELECT * FROM `love_gallery` WHERE ( is_show = 1 ) ORDER BY id desc LIMIT 12   [ RunTime:0.0003s ]
INFO: [ view_parse ] --START--
INFO: [ template_filter ] --START--
INFO: Run Behavior\ContentReplaceBehavior [ RunTime:0.000045s ]
INFO: [ template_filter ] --END-- [ RunTime:0.000149s ]
INFO: Run Behavior\ParseTemplateBehavior [ RunTime:0.006527s ]
INFO: [ view_parse ] --END-- [ RunTime:0.006611s ]
INFO: [ view_filter ] --START--
INFO: Run Behavior\WriteHtmlCacheBehavior [ RunTime:0.000132s ]
INFO: [ view_filter ] --END-- [ RunTime:0.000197s ]
INFO: [ app_end ] --START--
INFO: Run Behavior\ShowPageTraceBehavior [ RunTime:0.000485s ]
INFO: [ app_end ] --END-- [ RunTime:0.000575s ]

[ 2016-07-31T11:13:36+08:00 ] 127.0.0.1 /index.php/Home/Tours/tours.html
INFO: [ app_init ] --START--
INFO: Run Behavior\BuildLiteBehavior [ RunTime:0.000020s ]
INFO: [ app_init ] --END-- [ RunTime:0.000276s ]
INFO: [ app_begin ] --START--
INFO: Run Behavior\ReadHtmlCacheBehavior [ RunTime:0.000285s ]
INFO: [ app_begin ] --END-- [ RunTime:0.000359s ]
NOTIC: [8] A session had already been started - ignoring session_start() /Library/WebServer/Documents/myblog/ThinkPHP/Common/functions.php 第 1263 行.
SQL: SHOW COLUMNS FROM `love_blog` [ RunTime:0.0005s ]
SQL: SHOW COLUMNS FROM `love_blog` [ RunTime:0.0005s ]
SQL: SELECT * FROM `love_blog` WHERE ( tag="tours" ) ORDER BY date DESC LIMIT 9   [ RunTime:0.0005s ]
INFO: [ view_parse ] --START--
INFO: [ template_filter ] --START--
INFO: Run Behavior\ContentReplaceBehavior [ RunTime:0.000102s ]
INFO: [ template_filter ] --END-- [ RunTime:0.000250s ]
INFO: Run Behavior\ParseTemplateBehavior [ RunTime:0.007626s ]
INFO: [ view_parse ] --END-- [ RunTime:0.007722s ]
INFO: [ view_filter ] --START--
INFO: Run Behavior\WriteHtmlCacheBehavior [ RunTime:0.000134s ]
INFO: [ view_filter ] --END-- [ RunTime:0.000198s ]
INFO: [ app_end ] --START--
INFO: Run Behavior\ShowPageTraceBehavior [ RunTime:0.000364s ]
INFO: [ app_end ] --END-- [ RunTime:0.000511s ]

[ 2016-07-31T11:13:49+08:00 ] 127.0.0.1 /index.php/Home/Gallery/gallery.html
INFO: [ app_init ] --START--
INFO: Run Behavior\BuildLiteBehavior [ RunTime:0.000017s ]
INFO: [ app_init ] --END-- [ RunTime:0.000243s ]
INFO: [ app_begin ] --START--
INFO: Run Behavior\ReadHtmlCacheBehavior [ RunTime:0.000263s ]
INFO: [ app_begin ] --END-- [ RunTime:0.000330s ]
NOTIC: [8] A session had already been started - ignoring session_start() /Library/WebServer/Documents/myblog/ThinkPHP/Common/functions.php 第 1263 行.
SQL: SHOW COLUMNS FROM `love_gallery` [ RunTime:0.0005s ]
SQL: SHOW COLUMNS FROM `love_gallery` [ RunTime:0.0004s ]
SQL: SELECT * FROM `love_gallery` WHERE ( is_show = 1 ) ORDER BY id desc LIMIT 12   [ RunTime:0.0002s ]
INFO: [ view_parse ] --START--
INFO: [ template_filter ] --START--
INFO: Run Behavior\ContentReplaceBehavior [ RunTime:0.000045s ]
INFO: [ template_filter ] --END-- [ RunTime:0.000128s ]
INFO: Run Behavior\ParseTemplateBehavior [ RunTime:0.007932s ]
INFO: [ view_parse ] --END-- [ RunTime:0.008000s ]
INFO: [ view_filter ] --START--
INFO: Run Behavior\WriteHtmlCacheBehavior [ RunTime:0.000114s ]
INFO: [ view_filter ] --END-- [ RunTime:0.000173s ]
INFO: [ app_end ] --START--
INFO: Run Behavior\ShowPageTraceBehavior [ RunTime:0.000267s ]
INFO: [ app_end ] --END-- [ RunTime:0.000327s ]

[ 2016-07-31T11:13:50+08:00 ] 127.0.0.1 /index.php/Home/Tours/tours.html
INFO: [ app_init ] --START--
INFO: Run Behavior\BuildLiteBehavior [ RunTime:0.000024s ]
INFO: [ app_init ] --END-- [ RunTime:0.000433s ]
INFO: [ app_begin ] --START--
INFO: Run Behavior\ReadHtmlCacheBehavior [ RunTime:0.000553s ]
INFO: [ app_begin ] --END-- [ RunTime:0.000680s ]
NOTIC: [8] A session had already been started - ignoring session_start() /Library/WebServer/Documents/myblog/ThinkPHP/Common/functions.php 第 1263 行.
SQL: SHOW COLUMNS FROM `love_blog` [ RunTime:0.0005s ]
SQL: SHOW COLUMNS FROM `love_blog` [ RunTime:0.0004s ]
SQL: SELECT * FROM `love_blog` WHERE ( tag="tours" ) ORDER BY date DESC LIMIT 9   [ RunTime:0.0003s ]
INFO: [ view_parse ] --START--
INFO: [ template_filter ] --START--
INFO: Run Behavior\ContentReplaceBehavior [ RunTime:0.000043s ]
INFO: [ template_filter ] --END-- [ RunTime:0.000116s ]
INFO: Run Behavior\ParseTemplateBehavior [ RunTime:0.007027s ]
INFO: [ view_parse ] --END-- [ RunTime:0.007211s ]
INFO: [ view_filter ] --START--
INFO: Run Behavior\WriteHtmlCacheBehavior [ RunTime:0.000243s ]
INFO: [ view_filter ] --END-- [ RunTime:0.000356s ]
INFO: [ app_end ] --START--
INFO: Run Behavior\ShowPageTraceBehavior [ RunTime:0.000713s ]
INFO: [ app_end ] --END-- [ RunTime:0.000910s ]

[ 2016-07-31T11:13:51+08:00 ] 127.0.0.1 /index.php/Home/Index/index.html
INFO: [ app_init ] --START--
INFO: Run Behavior\BuildLiteBehavior [ RunTime:0.000073s ]
INFO: [ app_init ] --END-- [ RunTime:0.000739s ]
INFO: [ app_begin ] --START--
INFO: Run Behavior\ReadHtmlCacheBehavior [ RunTime:0.000539s ]
INFO: [ app_begin ] --END-- [ RunTime:0.000647s ]
NOTIC: [8] A session had already been started - ignoring session_start() /Library/WebServer/Documents/myblog/ThinkPHP/Common/functions.php 第 1263 行.
SQL: SHOW COLUMNS FROM `love_blog` [ RunTime:0.0005s ]
SQL: SHOW COLUMNS FROM `love_blog` [ RunTime:0.0005s ]
SQL: SELECT * FROM `love_blog` ORDER BY id DESC LIMIT 3   [ RunTime:0.0003s ]
SQL: SHOW COLUMNS FROM `love_gallery` [ RunTime:0.0004s ]
SQL: SHOW COLUMNS FROM `love_gallery` [ RunTime:0.0004s ]
SQL: SELECT * FROM `love_gallery` ORDER BY id desc LIMIT 6   [ RunTime:0.0002s ]
INFO: [ view_parse ] --START--
INFO: [ template_filter ] --START--
INFO: Run Behavior\ContentReplaceBehavior [ RunTime:0.000094s ]
INFO: [ template_filter ] --END-- [ RunTime:0.000205s ]
INFO: Run Behavior\ParseTemplateBehavior [ RunTime:0.008582s ]
INFO: [ view_parse ] --END-- [ RunTime:0.008659s ]
INFO: [ view_filter ] --START--
INFO: Run Behavior\WriteHtmlCacheBehavior [ RunTime:0.000162s ]
INFO: [ view_filter ] --END-- [ RunTime:0.000223s ]
INFO: [ app_end ] --START--
INFO: Run Behavior\ShowPageTraceBehavior [ RunTime:0.000384s ]
INFO: [ app_end ] --END-- [ RunTime:0.000524s ]

[ 2016-07-31T11:13:51+08:00 ] 127.0.0.1 /index.php/Home/Tours/tours.html
INFO: [ app_init ] --START--
INFO: Run Behavior\BuildLiteBehavior [ RunTime:0.000016s ]
INFO: [ app_init ] --END-- [ RunTime:0.000227s ]
INFO: [ app_begin ] --START--
INFO: Run Behavior\ReadHtmlCacheBehavior [ RunTime:0.000250s ]
INFO: [ app_begin ] --END-- [ RunTime:0.000318s ]
NOTIC: [8] A session had already been started - ignoring session_start() /Library/WebServer/Documents/myblog/ThinkPHP/Common/functions.php 第 1263 行.
SQL: SHOW COLUMNS FROM `love_blog` [ RunTime:0.0005s ]
SQL: SHOW COLUMNS FROM `love_blog` [ RunTime:0.0004s ]
SQL: SELECT * FROM `love_blog` WHERE ( tag="tours" ) ORDER BY date DESC LIMIT 9   [ RunTime:0.0004s ]
INFO: [ view_parse ] --START--
INFO: [ template_filter ] --START--
INFO: Run Behavior\ContentReplaceBehavior [ RunTime:0.000042s ]
INFO: [ template_filter ] --END-- [ RunTime:0.000113s ]
INFO: Run Behavior\ParseTemplateBehavior [ RunTime:0.006584s ]
INFO: [ view_parse ] --END-- [ RunTime:0.006654s ]
INFO: [ view_filter ] --START--
INFO: Run Behavior\WriteHtmlCacheBehavior [ RunTime:0.000112s ]
INFO: [ view_filter ] --END-- [ RunTime:0.000171s ]
INFO: [ app_end ] --START--
INFO: Run Behavior\ShowPageTraceBehavior [ RunTime:0.000518s ]
INFO: [ app_end ] --END-- [ RunTime:0.000641s ]

[ 2016-07-31T11:13:55+08:00 ] 127.0.0.1 /index.php/Home/Index/index.html
INFO: [ app_init ] --START--
INFO: Run Behavior\BuildLiteBehavior [ RunTime:0.000017s ]
INFO: [ app_init ] --END-- [ RunTime:0.000262s ]
INFO: [ app_begin ] --START--
INFO: Run Behavior\ReadHtmlCacheBehavior [ RunTime:0.000710s ]
INFO: [ app_begin ] --END-- [ RunTime:0.000864s ]
NOTIC: [8] A session had already been started - ignoring session_start() /Library/WebServer/Documents/myblog/ThinkPHP/Common/functions.php 第 1263 行.
SQL: SHOW COLUMNS FROM `love_blog` [ RunTime:0.0005s ]
SQL: SHOW COLUMNS FROM `love_blog` [ RunTime:0.0004s ]
SQL: SELECT * FROM `love_blog` ORDER BY id DESC LIMIT 3   [ RunTime:0.0003s ]
SQL: SHOW COLUMNS FROM `love_gallery` [ RunTime:0.0004s ]
SQL: SHOW COLUMNS FROM `love_gallery` [ RunTime:0.0004s ]
SQL: SELECT * FROM `love_gallery` ORDER BY id desc LIMIT 6   [ RunTime:0.0002s ]
INFO: [ view_parse ] --START--
INFO: [ template_filter ] --START--
INFO: Run Behavior\ContentReplaceBehavior [ RunTime:0.000074s ]
INFO: [ template_filter ] --END-- [ RunTime:0.000232s ]
INFO: Run Behavior\ParseTemplateBehavior [ RunTime:0.007907s ]
INFO: [ view_parse ] --END-- [ RunTime:0.008020s ]
INFO: [ view_filter ] --START--
INFO: Run Behavior\WriteHtmlCacheBehavior [ RunTime:0.000257s ]
INFO: [ view_filter ] --END-- [ RunTime:0.000372s ]
INFO: [ app_end ] --START--
INFO: Run Behavior\ShowPageTraceBehavior [ RunTime:0.000630s ]
INFO: [ app_end ] --END-- [ RunTime:0.000738s ]

[ 2016-07-31T11:14:06+08:00 ] 127.0.0.1 /index.php/Home/Tours/tours.html
INFO: [ app_init ] --START--
INFO: Run Behavior\BuildLiteBehavior [ RunTime:0.000017s ]
INFO: [ app_init ] --END-- [ RunTime:0.000283s ]
INFO: [ app_begin ] --START--
INFO: Run Behavior\ReadHtmlCacheBehavior [ RunTime:0.000253s ]
INFO: [ app_begin ] --END-- [ RunTime:0.000320s ]
NOTIC: [8] A session had already been started - ignoring session_start() /Library/WebServer/Documents/myblog/ThinkPHP/Common/functions.php 第 1263 行.
SQL: SHOW COLUMNS FROM `love_blog` [ RunTime:0.0005s ]
SQL: SHOW COLUMNS FROM `love_blog` [ RunTime:0.0005s ]
SQL: SELECT * FROM `love_blog` WHERE ( tag="tours" ) ORDER BY date DESC LIMIT 9   [ RunTime:0.0009s ]
INFO: [ view_parse ] --START--
INFO: [ template_filter ] --START--
INFO: Run Behavior\ContentReplaceBehavior [ RunTime:0.000043s ]
INFO: [ template_filter ] --END-- [ RunTime:0.000119s ]
INFO: Run Behavior\ParseTemplateBehavior [ RunTime:0.007721s ]
INFO: [ view_parse ] --END-- [ RunTime:0.007847s ]
INFO: [ view_filter ] --START--
INFO: Run Behavior\WriteHtmlCacheBehavior [ RunTime:0.000114s ]
INFO: [ view_filter ] --END-- [ RunTime:0.000173s ]
INFO: [ app_end ] --START--
INFO: Run Behavior\ShowPageTraceBehavior [ RunTime:0.000380s ]
INFO: [ app_end ] --END-- [ RunTime:0.000523s ]

[ 2016-07-31T11:14:07+08:00 ] 127.0.0.1 /index.php/Home/Gallery/gallery.html
INFO: [ app_init ] --START--
INFO: Run Behavior\BuildLiteBehavior [ RunTime:0.000017s ]
INFO: [ app_init ] --END-- [ RunTime:0.000234s ]
INFO: [ app_begin ] --START--
INFO: Run Behavior\ReadHtmlCacheBehavior [ RunTime:0.000256s ]
INFO: [ app_begin ] --END-- [ RunTime:0.000323s ]
NOTIC: [8] A session had already been started - ignoring session_start() /Library/WebServer/Documents/myblog/ThinkPHP/Common/functions.php 第 1263 行.
SQL: SHOW COLUMNS FROM `love_gallery` [ RunTime:0.0005s ]
SQL: SHOW COLUMNS FROM `love_gallery` [ RunTime:0.0004s ]
SQL: SELECT * FROM `love_gallery` WHERE ( is_show = 1 ) ORDER BY id desc LIMIT 12   [ RunTime:0.0003s ]
INFO: [ view_parse ] --START--
INFO: [ template_filter ] --START--
INFO: Run Behavior\ContentReplaceBehavior [ RunTime:0.000046s ]
INFO: [ template_filter ] --END-- [ RunTime:0.000130s ]
INFO: Run Behavior\ParseTemplateBehavior [ RunTime:0.007579s ]
INFO: [ view_parse ] --END-- [ RunTime:0.007653s ]
INFO: [ view_filter ] --START--
INFO: Run Behavior\WriteHtmlCacheBehavior [ RunTime:0.000133s ]
INFO: [ view_filter ] --END-- [ RunTime:0.000207s ]
INFO: [ app_end ] --START--
INFO: Run Behavior\ShowPageTraceBehavior [ RunTime:0.000283s ]
INFO: [ app_end ] --END-- [ RunTime:0.000347s ]

[ 2016-07-31T11:14:07+08:00 ] 127.0.0.1 /index.php/Home/Feeling/feeling.html
INFO: [ app_init ] --START--
INFO: Run Behavior\BuildLiteBehavior [ RunTime:0.000016s ]
INFO: [ app_init ] --END-- [ RunTime:0.000235s ]
INFO: [ app_begin ] --START--
INFO: Run Behavior\ReadHtmlCacheBehavior [ RunTime:0.000299s ]
INFO: [ app_begin ] --END-- [ RunTime:0.000373s ]
NOTIC: [8] A session had already been started - ignoring session_start() /Library/WebServer/Documents/myblog/ThinkPHP/Common/functions.php 第 1263 行.
NOTIC: [2048] Declaration of Common\Model\FeelingModel::add() should be compatible with Think\Model::add($data = '', $options = Array, $replace = false) /Library/WebServer/Documents/myblog/Application/Common/Model/FeelingModel.class.php 第 5 行.
SQL: SHOW COLUMNS FROM `love_feeling` [ RunTime:0.0005s ]
SQL: SHOW COLUMNS FROM `love_feeling` [ RunTime:0.0005s ]
SQL: SELECT COUNT(*) AS tp_count FROM `love_feeling` LIMIT 1   [ RunTime:0.0003s ]
SQL: SELECT * FROM `love_feeling` LIMIT 0,5   [ RunTime:0.0005s ]
INFO: [ view_parse ] --START--
INFO: [ template_filter ] --START--
INFO: Run Behavior\ContentReplaceBehavior [ RunTime:0.000048s ]
INFO: [ template_filter ] --END-- [ RunTime:0.000130s ]
INFO: Run Behavior\ParseTemplateBehavior [ RunTime:0.005911s ]
INFO: [ view_parse ] --END-- [ RunTime:0.005989s ]
INFO: [ view_filter ] --START--
INFO: Run Behavior\WriteHtmlCacheBehavior [ RunTime:0.000116s ]
INFO: [ view_filter ] --END-- [ RunTime:0.000175s ]
INFO: [ app_end ] --START--
INFO: Run Behavior\ShowPageTraceBehavior [ RunTime:0.000396s ]
INFO: [ app_end ] --END-- [ RunTime:0.000482s ]

[ 2016-07-31T11:14:08+08:00 ] 127.0.0.1 /
INFO: [ app_init ] --START--
INFO: Run Behavior\BuildLiteBehavior [ RunTime:0.000027s ]
INFO: [ app_init ] --END-- [ RunTime:0.000387s ]
INFO: [ app_begin ] --START--
INFO: Run Behavior\ReadHtmlCacheBehavior [ RunTime:0.000348s ]
INFO: [ app_begin ] --END-- [ RunTime:0.000434s ]
NOTIC: [8] A session had already been started - ignoring session_start() /Library/WebServer/Documents/myblog/ThinkPHP/Common/functions.php 第 1263 行.
SQL: SHOW COLUMNS FROM `love_blog` [ RunTime:0.0004s ]
SQL: SHOW COLUMNS FROM `love_blog` [ RunTime:0.0004s ]
SQL: SELECT * FROM `love_blog` ORDER BY id DESC LIMIT 3   [ RunTime:0.0003s ]
SQL: SHOW COLUMNS FROM `love_gallery` [ RunTime:0.0004s ]
SQL: SHOW COLUMNS FROM `love_gallery` [ RunTime:0.0004s ]
SQL: SELECT * FROM `love_gallery` ORDER BY id desc LIMIT 6   [ RunTime:0.0002s ]
INFO: [ view_parse ] --START--
INFO: [ template_filter ] --START--
INFO: Run Behavior\ContentReplaceBehavior [ RunTime:0.000051s ]
INFO: [ template_filter ] --END-- [ RunTime:0.000134s ]
INFO: Run Behavior\ParseTemplateBehavior [ RunTime:0.008370s ]
INFO: [ view_parse ] --END-- [ RunTime:0.008448s ]
INFO: [ view_filter ] --START--
INFO: Run Behavior\WriteHtmlCacheBehavior [ RunTime:0.000143s ]
INFO: [ view_filter ] --END-- [ RunTime:0.000204s ]
INFO: [ app_end ] --START--
INFO: Run Behavior\ShowPageTraceBehavior [ RunTime:0.000570s ]
INFO: [ app_end ] --END-- [ RunTime:0.000694s ]

[ 2016-07-31T11:14:08+08:00 ] 127.0.0.1 /index.php/Home/Blog/blog.html
INFO: [ app_init ] --START--
INFO: Run Behavior\BuildLiteBehavior [ RunTime:0.000016s ]
INFO: [ app_init ] --END-- [ RunTime:0.000222s ]
INFO: [ app_begin ] --START--
INFO: Run Behavior\ReadHtmlCacheBehavior [ RunTime:0.000243s ]
INFO: [ app_begin ] --END-- [ RunTime:0.000307s ]
NOTIC: [8] A session had already been started - ignoring session_start() /Library/WebServer/Documents/myblog/ThinkPHP/Common/functions.php 第 1263 行.
SQL: SHOW COLUMNS FROM `love_blog` [ RunTime:0.0005s ]
SQL: SHOW COLUMNS FROM `love_blog` [ RunTime:0.0004s ]
SQL: SELECT COUNT(*) AS tp_count FROM `love_blog` LIMIT 1   [ RunTime:0.0002s ]
SQL: SELECT * FROM `love_blog` ORDER BY id desc LIMIT 0,5   [ RunTime:0.0004s ]
INFO: [ view_parse ] --START--
INFO: [ template_filter ] --START--
INFO: Run Behavior\ContentReplaceBehavior [ RunTime:0.000058s ]
INFO: [ template_filter ] --END-- [ RunTime:0.000135s ]
INFO: Run Behavior\ParseTemplateBehavior [ RunTime:0.009049s ]
INFO: [ view_parse ] --END-- [ RunTime:0.009261s ]
INFO: [ view_filter ] --START--
INFO: Run Behavior\WriteHtmlCacheBehavior [ RunTime:0.000302s ]
INFO: [ view_filter ] --END-- [ RunTime:0.000453s ]
INFO: [ app_end ] --START--
INFO: Run Behavior\ShowPageTraceBehavior [ RunTime:0.000491s ]
INFO: [ app_end ] --END-- [ RunTime:0.000624s ]

[ 2016-07-31T11:14:11+08:00 ] 127.0.0.1 /index.php/Home/Feeling/feeling.html
INFO: [ app_init ] --START--
INFO: Run Behavior\BuildLiteBehavior [ RunTime:0.000031s ]
INFO: [ app_init ] --END-- [ RunTime:0.000359s ]
INFO: [ app_begin ] --START--
INFO: Run Behavior\ReadHtmlCacheBehavior [ RunTime:0.000273s ]
INFO: [ app_begin ] --END-- [ RunTime:0.000342s ]
NOTIC: [8] A session had already been started - ignoring session_start() /Library/WebServer/Documents/myblog/ThinkPHP/Common/functions.php 第 1263 行.
NOTIC: [2048] Declaration of Common\Model\FeelingModel::add() should be compatible with Think\Model::add($data = '', $options = Array, $replace = false) /Library/WebServer/Documents/myblog/Application/Common/Model/FeelingModel.class.php 第 5 行.
SQL: SHOW COLUMNS FROM `love_feeling` [ RunTime:0.0005s ]
SQL: SHOW COLUMNS FROM `love_feeling` [ RunTime:0.0004s ]
SQL: SELECT COUNT(*) AS tp_count FROM `love_feeling` LIMIT 1   [ RunTime:0.0002s ]
SQL: SELECT * FROM `love_feeling` LIMIT 0,5   [ RunTime:0.0002s ]
INFO: [ view_parse ] --START--
INFO: [ template_filter ] --START--
INFO: Run Behavior\ContentReplaceBehavior [ RunTime:0.000049s ]
INFO: [ template_filter ] --END-- [ RunTime:0.000136s ]
INFO: Run Behavior\ParseTemplateBehavior [ RunTime:0.006979s ]
INFO: [ view_parse ] --END-- [ RunTime:0.007058s ]
INFO: [ view_filter ] --START--
INFO: Run Behavior\WriteHtmlCacheBehavior [ RunTime:0.000130s ]
INFO: [ view_filter ] --END-- [ RunTime:0.000198s ]
INFO: [ app_end ] --START--
INFO: Run Behavior\ShowPageTraceBehavior [ RunTime:0.000440s ]
INFO: [ app_end ] --END-- [ RunTime:0.000592s ]

[ 2016-07-31T11:14:11+08:00 ] 127.0.0.1 /
INFO: [ app_init ] --START--
INFO: Run Behavior\BuildLiteBehavior [ RunTime:0.000023s ]
INFO: [ app_init ] --END-- [ RunTime:0.000323s ]
INFO: [ app_begin ] --START--
INFO: Run Behavior\ReadHtmlCacheBehavior [ RunTime:0.000404s ]
INFO: [ app_begin ] --END-- [ RunTime:0.000508s ]
NOTIC: [8] A session had already been started - ignoring session_start() /Library/WebServer/Documents/myblog/ThinkPHP/Common/functions.php 第 1263 行.
SQL: SHOW COLUMNS FROM `love_blog` [ RunTime:0.0005s ]
SQL: SHOW COLUMNS FROM `love_blog` [ RunTime:0.0005s ]
SQL: SELECT * FROM `love_blog` ORDER BY id DESC LIMIT 3   [ RunTime:0.0003s ]
SQL: SHOW COLUMNS FROM `love_gallery` [ RunTime:0.0006s ]
SQL: SHOW COLUMNS FROM `love_gallery` [ RunTime:0.0004s ]
SQL: SELECT * FROM `love_gallery` ORDER BY id desc LIMIT 6   [ RunTime:0.0003s ]
INFO: [ view_parse ] --START--
INFO: [ template_filter ] --START--
INFO: Run Behavior\ContentReplaceBehavior [ RunTime:0.000045s ]
INFO: [ template_filter ] --END-- [ RunTime:0.000122s ]
INFO: Run Behavior\ParseTemplateBehavior [ RunTime:0.008138s ]
INFO: [ view_parse ] --END-- [ RunTime:0.008220s ]
INFO: [ view_filter ] --START--
INFO: Run Behavior\WriteHtmlCacheBehavior [ RunTime:0.000145s ]
INFO: [ view_filter ] --END-- [ RunTime:0.000210s ]
INFO: [ app_end ] --START--
INFO: Run Behavior\ShowPageTraceBehavior [ RunTime:0.000509s ]
INFO: [ app_end ] --END-- [ RunTime:0.000633s ]

[ 2016-07-31T11:14:19+08:00 ] 127.0.0.1 /index.php/Home/Feeling/feeling/p/2.html
INFO: [ app_init ] --START--
INFO: Run Behavior\BuildLiteBehavior [ RunTime:0.000028s ]
INFO: [ app_init ] --END-- [ RunTime:0.000306s ]
INFO: [ app_begin ] --START--
INFO: Run Behavior\ReadHtmlCacheBehavior [ RunTime:0.000635s ]
INFO: [ app_begin ] --END-- [ RunTime:0.000905s ]
NOTIC: [8] A session had already been started - ignoring session_start() /Library/WebServer/Documents/myblog/ThinkPHP/Common/functions.php 第 1263 行.
NOTIC: [2048] Declaration of Common\Model\FeelingModel::add() should be compatible with Think\Model::add($data = '', $options = Array, $replace = false) /Library/WebServer/Documents/myblog/Application/Common/Model/FeelingModel.class.php 第 5 行.
SQL: SHOW COLUMNS FROM `love_feeling` [ RunTime:0.0005s ]
SQL: SHOW COLUMNS FROM `love_feeling` [ RunTime:0.0004s ]
SQL: SELECT COUNT(*) AS tp_count FROM `love_feeling` LIMIT 1   [ RunTime:0.0002s ]
SQL: SELECT * FROM `love_feeling` LIMIT 5,5   [ RunTime:0.0003s ]
INFO: [ view_parse ] --START--
INFO: [ template_filter ] --START--
INFO: Run Behavior\ContentReplaceBehavior [ RunTime:0.000161s ]
INFO: [ template_filter ] --END-- [ RunTime:0.000399s ]
INFO: Run Behavior\ParseTemplateBehavior [ RunTime:0.007561s ]
INFO: [ view_parse ] --END-- [ RunTime:0.007646s ]
INFO: [ view_filter ] --START--
INFO: Run Behavior\WriteHtmlCacheBehavior [ RunTime:0.000219s ]
INFO: [ view_filter ] --END-- [ RunTime:0.000308s ]
INFO: [ app_end ] --START--
INFO: Run Behavior\ShowPageTraceBehavior [ RunTime:0.000644s ]
INFO: [ app_end ] --END-- [ RunTime:0.000799s ]

[ 2016-07-31T11:14:19+08:00 ] 127.0.0.1 /
INFO: [ app_init ] --START--
INFO: Run Behavior\BuildLiteBehavior [ RunTime:0.000017s ]
INFO: [ app_init ] --END-- [ RunTime:0.000233s ]
INFO: [ app_begin ] --START--
INFO: Run Behavior\ReadHtmlCacheBehavior [ RunTime:0.000394s ]
INFO: [ app_begin ] --END-- [ RunTime:0.000473s ]
NOTIC: [8] A session had already been started - ignoring session_start() /Library/WebServer/Documents/myblog/ThinkPHP/Common/functions.php 第 1263 行.
SQL: SHOW COLUMNS FROM `love_blog` [ RunTime:0.0005s ]
SQL: SHOW COLUMNS FROM `love_blog` [ RunTime:0.0005s ]
SQL: SELECT * FROM `love_blog` ORDER BY id DESC LIMIT 3   [ RunTime:0.0004s ]
SQL: SHOW COLUMNS FROM `love_gallery` [ RunTime:0.0007s ]
SQL: SHOW COLUMNS FROM `love_gallery` [ RunTime:0.0005s ]
SQL: SELECT * FROM `love_gallery` ORDER BY id desc LIMIT 6   [ RunTime:0.0004s ]
INFO: [ view_parse ] --START--
INFO: [ template_filter ] --START--
INFO: Run Behavior\ContentReplaceBehavior [ RunTime:0.000047s ]
INFO: [ template_filter ] --END-- [ RunTime:0.000134s ]
INFO: Run Behavior\ParseTemplateBehavior [ RunTime:0.007814s ]
INFO: [ view_parse ] --END-- [ RunTime:0.007984s ]
INFO: [ view_filter ] --START--
INFO: Run Behavior\WriteHtmlCacheBehavior [ RunTime:0.000154s ]
INFO: [ view_filter ] --END-- [ RunTime:0.000215s ]
INFO: [ app_end ] --START--
INFO: Run Behavior\ShowPageTraceBehavior [ RunTime:0.000440s ]
INFO: [ app_end ] --END-- [ RunTime:0.000562s ]

[ 2016-07-31T11:14:22+08:00 ] 127.0.0.1 /index.php/Home/Feeling/feeling/p/1.html
INFO: [ app_init ] --START--
INFO: Run Behavior\BuildLiteBehavior [ RunTime:0.000016s ]
INFO: [ app_init ] --END-- [ RunTime:0.000224s ]
INFO: [ app_begin ] --START--
INFO: Run Behavior\ReadHtmlCacheBehavior [ RunTime:0.000243s ]
INFO: [ app_begin ] --END-- [ RunTime:0.000308s ]
NOTIC: [8] A session had already been started - ignoring session_start() /Library/WebServer/Documents/myblog/ThinkPHP/Common/functions.php 第 1263 行.
NOTIC: [2048] Declaration of Common\Model\FeelingModel::add() should be compatible with Think\Model::add($data = '', $options = Array, $replace = false) /Library/WebServer/Documents/myblog/Application/Common/Model/FeelingModel.class.php 第 5 行.
SQL: SHOW COLUMNS FROM `love_feeling` [ RunTime:0.0005s ]
SQL: SHOW COLUMNS FROM `love_feeling` [ RunTime:0.0004s ]
SQL: SELECT COUNT(*) AS tp_count FROM `love_feeling` LIMIT 1   [ RunTime:0.0002s ]
SQL: SELECT * FROM `love_feeling` LIMIT 0,5   [ RunTime:0.0003s ]
INFO: [ view_parse ] --START--
INFO: [ template_filter ] --START--
INFO: Run Behavior\ContentReplaceBehavior [ RunTime:0.000042s ]
INFO: [ template_filter ] --END-- [ RunTime:0.000116s ]
INFO: Run Behavior\ParseTemplateBehavior [ RunTime:0.005498s ]
INFO: [ view_parse ] --END-- [ RunTime:0.005568s ]
INFO: [ view_filter ] --START--
INFO: Run Behavior\WriteHtmlCacheBehavior [ RunTime:0.000113s ]
INFO: [ view_filter ] --END-- [ RunTime:0.000173s ]
INFO: [ app_end ] --START--
INFO: Run Behavior\ShowPageTraceBehavior [ RunTime:0.000393s ]
INFO: [ app_end ] --END-- [ RunTime:0.000520s ]

[ 2016-07-31T11:14:22+08:00 ] 127.0.0.1 /
INFO: [ app_init ] --START--
INFO: Run Behavior\BuildLiteBehavior [ RunTime:0.000019s ]
INFO: [ app_init ] --END-- [ RunTime:0.000273s ]
INFO: [ app_begin ] --START--
INFO: Run Behavior\ReadHtmlCacheBehavior [ RunTime:0.000266s ]
INFO: [ app_begin ] --END-- [ RunTime:0.000354s ]
NOTIC: [8] A session had already been started - ignoring session_start() /Library/WebServer/Documents/myblog/ThinkPHP/Common/functions.php 第 1263 行.
SQL: SHOW COLUMNS FROM `love_blog` [ RunTime:0.0005s ]
SQL: SHOW COLUMNS FROM `love_blog` [ RunTime:0.0007s ]
SQL: SELECT * FROM `love_blog` ORDER BY id DESC LIMIT 3   [ RunTime:0.0004s ]
SQL: SHOW COLUMNS FROM `love_gallery` [ RunTime:0.0006s ]
SQL: SHOW COLUMNS FROM `love_gallery` [ RunTime:0.0006s ]
SQL: SELECT * FROM `love_gallery` ORDER BY id desc LIMIT 6   [ RunTime:0.0002s ]
INFO: [ view_parse ] --START--
INFO: [ template_filter ] --START--
INFO: Run Behavior\ContentReplaceBehavior [ RunTime:0.000047s ]
INFO: [ template_filter ] --END-- [ RunTime:0.000125s ]
INFO: Run Behavior\ParseTemplateBehavior [ RunTime:0.008452s ]
INFO: [ view_parse ] --END-- [ RunTime:0.008532s ]
INFO: [ view_filter ] --START--
INFO: Run Behavior\WriteHtmlCacheBehavior [ RunTime:0.000155s ]
INFO: [ view_filter ] --END-- [ RunTime:0.000216s ]
INFO: [ app_end ] --START--
INFO: Run Behavior\ShowPageTraceBehavior [ RunTime:0.000517s ]
INFO: [ app_end ] --END-- [ RunTime:0.000653s ]

[ 2016-07-31T11:14:25+08:00 ] 127.0.0.1 /index.php/Home/Feeling/feeling/p/2.html
INFO: [ app_init ] --START--
INFO: Run Behavior\BuildLiteBehavior [ RunTime:0.000037s ]
INFO: [ app_init ] --END-- [ RunTime:0.000853s ]
INFO: [ app_begin ] --START--
INFO: Run Behavior\ReadHtmlCacheBehavior [ RunTime:0.000518s ]
INFO: [ app_begin ] --END-- [ RunTime:0.000633s ]
NOTIC: [8] A session had already been started - ignoring session_start() /Library/WebServer/Documents/myblog/ThinkPHP/Common/functions.php 第 1263 行.
NOTIC: [2048] Declaration of Common\Model\FeelingModel::add() should be compatible with Think\Model::add($data = '', $options = Array, $replace = false) /Library/WebServer/Documents/myblog/Application/Common/Model/FeelingModel.class.php 第 5 行.
SQL: SHOW COLUMNS FROM `love_feeling` [ RunTime:0.0004s ]
SQL: SHOW COLUMNS FROM `love_feeling` [ RunTime:0.0004s ]
SQL: SELECT COUNT(*) AS tp_count FROM `love_feeling` LIMIT 1   [ RunTime:0.0002s ]
SQL: SELECT * FROM `love_feeling` LIMIT 5,5   [ RunTime:0.0003s ]
INFO: [ view_parse ] --START--
INFO: [ template_filter ] --START--
INFO: Run Behavior\ContentReplaceBehavior [ RunTime:0.000044s ]
INFO: [ template_filter ] --END-- [ RunTime:0.000122s ]
INFO: Run Behavior\ParseTemplateBehavior [ RunTime:0.006615s ]
INFO: [ view_parse ] --END-- [ RunTime:0.006700s ]
INFO: [ view_filter ] --START--
INFO: Run Behavior\WriteHtmlCacheBehavior [ RunTime:0.000171s ]
INFO: [ view_filter ] --END-- [ RunTime:0.000238s ]
INFO: [ app_end ] --START--
INFO: Run Behavior\ShowPageTraceBehavior [ RunTime:0.000593s ]
INFO: [ app_end ] --END-- [ RunTime:0.000743s ]

[ 2016-07-31T11:14:25+08:00 ] 127.0.0.1 /
INFO: [ app_init ] --START--
INFO: Run Behavior\BuildLiteBehavior [ RunTime:0.000019s ]
INFO: [ app_init ] --END-- [ RunTime:0.000300s ]
INFO: [ app_begin ] --START--
INFO: Run Behavior\ReadHtmlCacheBehavior [ RunTime:0.000431s ]
INFO: [ app_begin ] --END-- [ RunTime:0.000516s ]
NOTIC: [8] A session had already been started - ignoring session_start() /Library/WebServer/Documents/myblog/ThinkPHP/Common/functions.php 第 1263 行.
SQL: SHOW COLUMNS FROM `love_blog` [ RunTime:0.0008s ]
SQL: SHOW COLUMNS FROM `love_blog` [ RunTime:0.0008s ]
SQL: SELECT * FROM `love_blog` ORDER BY id DESC LIMIT 3   [ RunTime:0.0005s ]
SQL: SHOW COLUMNS FROM `love_gallery` [ RunTime:0.0007s ]
SQL: SHOW COLUMNS FROM `love_gallery` [ RunTime:0.0007s ]
SQL: SELECT * FROM `love_gallery` ORDER BY id desc LIMIT 6   [ RunTime:0.0003s ]
INFO: [ view_parse ] --START--
INFO: [ template_filter ] --START--
INFO: Run Behavior\ContentReplaceBehavior [ RunTime:0.000074s ]
INFO: [ template_filter ] --END-- [ RunTime:0.000202s ]
INFO: Run Behavior\ParseTemplateBehavior [ RunTime:0.010792s ]
INFO: [ view_parse ] --END-- [ RunTime:0.010963s ]
INFO: [ view_filter ] --START--
INFO: Run Behavior\WriteHtmlCacheBehavior [ RunTime:0.000267s ]
INFO: [ view_filter ] --END-- [ RunTime:0.000386s ]
INFO: [ app_end ] --START--
INFO: Run Behavior\ShowPageTraceBehavior [ RunTime:0.000542s ]
INFO: [ app_end ] --END-- [ RunTime:0.000679s ]

[ 2016-07-31T11:14:28+08:00 ] 127.0.0.1 /index.php/Home/Blog/blog.html
INFO: [ app_init ] --START--
INFO: Run Behavior\BuildLiteBehavior [ RunTime:0.000016s ]
INFO: [ app_init ] --END-- [ RunTime:0.000227s ]
INFO: [ app_begin ] --START--
INFO: Run Behavior\ReadHtmlCacheBehavior [ RunTime:0.000295s ]
INFO: [ app_begin ] --END-- [ RunTime:0.000364s ]
NOTIC: [8] A session had already been started - ignoring session_start() /Library/WebServer/Documents/myblog/ThinkPHP/Common/functions.php 第 1263 行.
SQL: SHOW COLUMNS FROM `love_blog` [ RunTime:0.0005s ]
SQL: SHOW COLUMNS FROM `love_blog` [ RunTime:0.0006s ]
SQL: SELECT COUNT(*) AS tp_count FROM `love_blog` LIMIT 1   [ RunTime:0.0005s ]
SQL: SELECT * FROM `love_blog` ORDER BY id desc LIMIT 0,5   [ RunTime:0.0004s ]
INFO: [ view_parse ] --START--
INFO: [ template_filter ] --START--
INFO: Run Behavior\ContentReplaceBehavior [ RunTime:0.000049s ]
INFO: [ template_filter ] --END-- [ RunTime:0.000129s ]
INFO: Run Behavior\ParseTemplateBehavior [ RunTime:0.009309s ]
INFO: [ view_parse ] --END-- [ RunTime:0.009381s ]
INFO: [ view_filter ] --START--
INFO: Run Behavior\WriteHtmlCacheBehavior [ RunTime:0.000119s ]
INFO: [ view_filter ] --END-- [ RunTime:0.000176s ]
INFO: [ app_end ] --START--
INFO: Run Behavior\ShowPageTraceBehavior [ RunTime:0.000318s ]
INFO: [ app_end ] --END-- [ RunTime:0.000459s ]

[ 2016-07-31T11:14:31+08:00 ] 127.0.0.1 /index.php/Home/Blog/content.html?id=11
INFO: [ app_init ] --START--
INFO: Run Behavior\BuildLiteBehavior [ RunTime:0.000017s ]
INFO: [ app_init ] --END-- [ RunTime:0.000227s ]
INFO: [ app_begin ] --START--
INFO: Run Behavior\ReadHtmlCacheBehavior [ RunTime:0.000245s ]
INFO: [ app_begin ] --END-- [ RunTime:0.000314s ]
NOTIC: [8] A session had already been started - ignoring session_start() /Library/WebServer/Documents/myblog/ThinkPHP/Common/functions.php 第 1263 行.
SQL: SHOW COLUMNS FROM `love_blog` [ RunTime:0.0007s ]
SQL: SHOW COLUMNS FROM `love_blog` [ RunTime:0.0007s ]
SQL: SELECT * FROM `love_blog` WHERE ( id=11 ) LIMIT 1   [ RunTime:0.0005s ]
INFO: [ view_parse ] --START--
INFO: [ template_filter ] --START--
INFO: Run Behavior\ContentReplaceBehavior [ RunTime:0.000051s ]
INFO: [ template_filter ] --END-- [ RunTime:0.000131s ]
INFO: Run Behavior\ParseTemplateBehavior [ RunTime:0.008101s ]
INFO: [ view_parse ] --END-- [ RunTime:0.008201s ]
INFO: [ view_filter ] --START--
INFO: Run Behavior\WriteHtmlCacheBehavior [ RunTime:0.000118s ]
INFO: [ view_filter ] --END-- [ RunTime:0.000178s ]
INFO: [ app_end ] --START--
INFO: Run Behavior\ShowPageTraceBehavior [ RunTime:0.000780s ]
INFO: [ app_end ] --END-- [ RunTime:0.000927s ]

[ 2016-07-31T11:14:48+08:00 ] 127.0.0.1 /index.php/Home/Blog/content.html?id=8
INFO: [ app_init ] --START--
INFO: Run Behavior\BuildLiteBehavior [ RunTime:0.000020s ]
INFO: [ app_init ] --END-- [ RunTime:0.000381s ]
INFO: [ app_begin ] --START--
INFO: Run Behavior\ReadHtmlCacheBehavior [ RunTime:0.000270s ]
INFO: [ app_begin ] --END-- [ RunTime:0.000340s ]
NOTIC: [8] A session had already been started - ignoring session_start() /Library/WebServer/Documents/myblog/ThinkPHP/Common/functions.php 第 1263 行.
SQL: SHOW COLUMNS FROM `love_blog` [ RunTime:0.0004s ]
SQL: SHOW COLUMNS FROM `love_blog` [ RunTime:0.0005s ]
SQL: SELECT * FROM `love_blog` WHERE ( id=8 ) LIMIT 1   [ RunTime:0.0004s ]
INFO: [ view_parse ] --START--
INFO: [ template_filter ] --START--
INFO: Run Behavior\ContentReplaceBehavior [ RunTime:0.000061s ]
INFO: [ template_filter ] --END-- [ RunTime:0.000148s ]
INFO: Run Behavior\ParseTemplateBehavior [ RunTime:0.009210s ]
INFO: [ view_parse ] --END-- [ RunTime:0.009291s ]
INFO: [ view_filter ] --START--
INFO: Run Behavior\WriteHtmlCacheBehavior [ RunTime:0.000126s ]
INFO: [ view_filter ] --END-- [ RunTime:0.000187s ]
INFO: [ app_end ] --START--
INFO: Run Behavior\ShowPageTraceBehavior [ RunTime:0.000465s ]
INFO: [ app_end ] --END-- [ RunTime:0.000561s ]

