[ 2016-07-31T11:07:31+08:00 ] 127.0.0.1 /Public/Uploads/Blog/2016-01-15/56990c9fb51b9.jpg
INFO: [ app_init ] --START--
INFO: Run Behavior\BuildLiteBehavior [ RunTime:0.000018s ]
INFO: [ app_init ] --END-- [ RunTime:0.000267s ]
ERR: 无法加载模块:Public

[ 2016-07-31T11:07:32+08:00 ] 127.0.0.1 /Public/Uploads/Blog/2016-01-15/56990c8b202cd.jpg
INFO: [ app_init ] --START--
INFO: Run Behavior\BuildLiteBehavior [ RunTime:0.000051s ]
INFO: [ app_init ] --END-- [ RunTime:0.000683s ]
ERR: 无法加载模块:Public

[ 2016-07-31T11:07:32+08:00 ] 127.0.0.1 /favicon.ico
INFO: [ app_init ] --START--
INFO: Run Behavior\BuildLiteBehavior [ RunTime:0.000016s ]
INFO: [ app_init ] --END-- [ RunTime:0.000220s ]
ERR: 无法加载模块:Favicon

[ 2016-07-31T11:08:24+08:00 ] 127.0.0.1 /Public/Uploads/Blog/2016-01-15/56990c9fb51b9.jpg
INFO: [ app_init ] --START--
INFO: Run Behavior\BuildLiteBehavior [ RunTime:0.000027s ]
INFO: [ app_init ] --END-- [ RunTime:0.000398s ]
ERR: 无法加载模块:Public

[ 2016-07-31T11:08:24+08:00 ] 127.0.0.1 /Public/Uploads/Blog/2016-01-15/56990c8b202cd.jpg
INFO: [ app_init ] --START--
INFO: Run Behavior\BuildLiteBehavior [ RunTime:0.000101s ]
INFO: [ app_init ] --END-- [ RunTime:0.000453s ]
ERR: 无法加载模块:Public

[ 2016-07-31T11:08:24+08:00 ] 127.0.0.1 /Public/Uploads/Blog/2016-01-15/56990c9fb51b9.jpg
INFO: [ app_init ] --START--
INFO: Run Behavior\BuildLiteBehavior [ RunTime:0.000017s ]
INFO: [ app_init ] --END-- [ RunTime:0.000230s ]
ERR: 无法加载模块:Public

[ 2016-07-31T11:08:31+08:00 ] 127.0.0.1 /Public/Uploads/Blog/2016-01-15/56990c9fb51b9.jpg
INFO: [ app_init ] --START--
INFO: Run Behavior\BuildLiteBehavior [ RunTime:0.000017s ]
INFO: [ app_init ] --END-- [ RunTime:0.000228s ]
ERR: 无法加载模块:Public

[ 2016-07-31T11:08:31+08:00 ] 127.0.0.1 /Public/Uploads/Blog/2016-01-15/56990c8b202cd.jpg
INFO: [ app_init ] --START--
INFO: Run Behavior\BuildLiteBehavior [ RunTime:0.000018s ]
INFO: [ app_init ] --END-- [ RunTime:0.000265s ]
ERR: 无法加载模块:Public

[ 2016-07-31T11:08:31+08:00 ] 127.0.0.1 /Public/Uploads/Blog/2016-01-15/56990c9fb51b9.jpg
INFO: [ app_init ] --START--
INFO: Run Behavior\BuildLiteBehavior [ RunTime:0.000047s ]
INFO: [ app_init ] --END-- [ RunTime:0.000537s ]
ERR: 无法加载模块:Public

[ 2016-07-31T11:08:32+08:00 ] 127.0.0.1 /Public/Uploads/Blog/2016-01-15/56990c9fb51b9.jpg
INFO: [ app_init ] --START--
INFO: Run Behavior\BuildLiteBehavior [ RunTime:0.000017s ]
INFO: [ app_init ] --END-- [ RunTime:0.000226s ]
ERR: 无法加载模块:Public

[ 2016-07-31T11:08:32+08:00 ] 127.0.0.1 /Public/Uploads/Blog/2016-01-15/56990c8b202cd.jpg
INFO: [ app_init ] --START--
INFO: Run Behavior\BuildLiteBehavior [ RunTime:0.000026s ]
INFO: [ app_init ] --END-- [ RunTime:0.000304s ]
ERR: 无法加载模块:Public

[ 2016-07-31T11:08:32+08:00 ] 127.0.0.1 /Public/Uploads/Blog/2016-01-15/56990c9fb51b9.jpg
INFO: [ app_init ] --START--
INFO: Run Behavior\BuildLiteBehavior [ RunTime:0.000017s ]
INFO: [ app_init ] --END-- [ RunTime:0.000224s ]
ERR: 无法加载模块:Public

[ 2016-07-31T11:08:35+08:00 ] 127.0.0.1 /Public/Uploads/Blog/2016-01-15/56990c9fb51b9.jpg
INFO: [ app_init ] --START--
INFO: Run Behavior\BuildLiteBehavior [ RunTime:0.000029s ]
INFO: [ app_init ] --END-- [ RunTime:0.000419s ]
ERR: 无法加载模块:Public

[ 2016-07-31T11:08:35+08:00 ] 127.0.0.1 /Public/Uploads/Blog/2016-01-15/56990c8b202cd.jpg
INFO: [ app_init ] --START--
INFO: Run Behavior\BuildLiteBehavior [ RunTime:0.000030s ]
INFO: [ app_init ] --END-- [ RunTime:0.000335s ]
ERR: 无法加载模块:Public

[ 2016-07-31T11:08:35+08:00 ] 127.0.0.1 /Public/Uploads/Blog/2016-01-15/56990c9fb51b9.jpg
INFO: [ app_init ] --START--
INFO: Run Behavior\BuildLiteBehavior [ RunTime:0.000017s ]
INFO: [ app_init ] --END-- [ RunTime:0.000243s ]
ERR: 无法加载模块:Public

[ 2016-07-31T11:08:35+08:00 ] 127.0.0.1 /Public/Uploads/Blog/2016-01-15/56990c8b202cd.jpg
INFO: [ app_init ] --START--
INFO: Run Behavior\BuildLiteBehavior [ RunTime:0.000019s ]
INFO: [ app_init ] --END-- [ RunTime:0.000325s ]
ERR: 无法加载模块:Public

[ 2016-07-31T11:08:37+08:00 ] 127.0.0.1 /Public/Uploads/Blog/2016-01-15/56990c9fb51b9.jpg
INFO: [ app_init ] --START--
INFO: Run Behavior\BuildLiteBehavior [ RunTime:0.000016s ]
INFO: [ app_init ] --END-- [ RunTime:0.000225s ]
ERR: 无法加载模块:Public

[ 2016-07-31T11:08:37+08:00 ] 127.0.0.1 /Public/Uploads/Blog/2016-01-15/56990c8b202cd.jpg
INFO: [ app_init ] --START--
INFO: Run Behavior\BuildLiteBehavior [ RunTime:0.000022s ]
INFO: [ app_init ] --END-- [ RunTime:0.000427s ]
ERR: 无法加载模块:Public

[ 2016-07-31T11:08:37+08:00 ] 127.0.0.1 /Public/Uploads/Blog/2016-01-15/56990c9fb51b9.jpg
INFO: [ app_init ] --START--
INFO: Run Behavior\BuildLiteBehavior [ RunTime:0.000017s ]
INFO: [ app_init ] --END-- [ RunTime:0.000238s ]
ERR: 无法加载模块:Public

[ 2016-07-31T11:08:38+08:00 ] 127.0.0.1 /Public/Uploads/Blog/2016-01-15/56990c9fb51b9.jpg
INFO: [ app_init ] --START--
INFO: Run Behavior\BuildLiteBehavior [ RunTime:0.000017s ]
INFO: [ app_init ] --END-- [ RunTime:0.000223s ]
ERR: 无法加载模块:Public

[ 2016-07-31T11:08:38+08:00 ] 127.0.0.1 /Public/Uploads/Blog/2016-01-15/56990c8b202cd.jpg
INFO: [ app_init ] --START--
INFO: Run Behavior\BuildLiteBehavior [ RunTime:0.000017s ]
INFO: [ app_init ] --END-- [ RunTime:0.000230s ]
ERR: 无法加载模块:Public

[ 2016-07-31T11:08:38+08:00 ] 127.0.0.1 /Public/Uploads/Blog/2016-01-15/56990c9fb51b9.jpg
INFO: [ app_init ] --START--
INFO: Run Behavior\BuildLiteBehavior [ RunTime:0.000017s ]
INFO: [ app_init ] --END-- [ RunTime:0.000230s ]
ERR: 无法加载模块:Public

[ 2016-07-31T11:08:39+08:00 ] 127.0.0.1 /Public/Uploads/Blog/2016-01-15/56990c9fb51b9.jpg
INFO: [ app_init ] --START--
INFO: Run Behavior\BuildLiteBehavior [ RunTime:0.000017s ]
INFO: [ app_init ] --END-- [ RunTime:0.000242s ]
ERR: 无法加载模块:Public

[ 2016-07-31T11:08:39+08:00 ] 127.0.0.1 /Public/Uploads/Blog/2016-01-15/56990c8b202cd.jpg
INFO: [ app_init ] --START--
INFO: Run Behavior\BuildLiteBehavior [ RunTime:0.000016s ]
INFO: [ app_init ] --END-- [ RunTime:0.000225s ]
ERR: 无法加载模块:Public

[ 2016-07-31T11:08:39+08:00 ] 127.0.0.1 /Public/Uploads/Blog/2016-01-15/56990c9fb51b9.jpg
INFO: [ app_init ] --START--
INFO: Run Behavior\BuildLiteBehavior [ RunTime:0.000033s ]
INFO: [ app_init ] --END-- [ RunTime:0.000497s ]
ERR: 无法加载模块:Public

[ 2016-07-31T11:08:39+08:00 ] 127.0.0.1 /Public/Uploads/Blog/2016-01-15/56990c8b202cd.jpg
INFO: [ app_init ] --START--
INFO: Run Behavior\BuildLiteBehavior [ RunTime:0.000034s ]
INFO: [ app_init ] --END-- [ RunTime:0.000464s ]
ERR: 无法加载模块:Public

[ 2016-07-31T11:08:56+08:00 ] 127.0.0.1 /Public/Uploads/Blog/2016-01-15/56990c9fb51b9.jpg
INFO: [ app_init ] --START--
INFO: Run Behavior\BuildLiteBehavior [ RunTime:0.000017s ]
INFO: [ app_init ] --END-- [ RunTime:0.000230s ]
ERR: 无法加载模块:Public

[ 2016-07-31T11:08:56+08:00 ] 127.0.0.1 /Public/Uploads/Blog/2016-01-15/56990c8b202cd.jpg
INFO: [ app_init ] --START--
INFO: Run Behavior\BuildLiteBehavior [ RunTime:0.000029s ]
INFO: [ app_init ] --END-- [ RunTime:0.000403s ]
ERR: 无法加载模块:Public

[ 2016-07-31T11:08:56+08:00 ] 127.0.0.1 /Public/Uploads/Blog/2016-01-15/56990c9fb51b9.jpg
INFO: [ app_init ] --START--
INFO: Run Behavior\BuildLiteBehavior [ RunTime:0.000026s ]
INFO: [ app_init ] --END-- [ RunTime:0.000316s ]
ERR: 无法加载模块:Public

[ 2016-07-31T11:08:56+08:00 ] 127.0.0.1 /Public/Uploads/Blog/2016-01-15/56990c8b202cd.jpg
INFO: [ app_init ] --START--
INFO: Run Behavior\BuildLiteBehavior [ RunTime:0.000024s ]
INFO: [ app_init ] --END-- [ RunTime:0.000276s ]
ERR: 无法加载模块:Public

[ 2016-07-31T11:11:36+08:00 ] 127.0.0.1 /Public/Uploads/Blog/2016-01-15/56990c9fb51b9.jpg
INFO: [ app_init ] --START--
INFO: Run Behavior\BuildLiteBehavior [ RunTime:0.000019s ]
INFO: [ app_init ] --END-- [ RunTime:0.000303s ]
ERR: 无法加载模块:Public

[ 2016-07-31T11:11:37+08:00 ] 127.0.0.1 /Public/Uploads/Blog/2016-01-15/56990c8b202cd.jpg
INFO: [ app_init ] --START--
INFO: Run Behavior\BuildLiteBehavior [ RunTime:0.000020s ]
INFO: [ app_init ] --END-- [ RunTime:0.000304s ]
ERR: 无法加载模块:Public

[ 2016-07-31T11:11:37+08:00 ] 127.0.0.1 /Public/Uploads/Blog/2016-01-15/56990c9fb51b9.jpg
INFO: [ app_init ] --START--
INFO: Run Behavior\BuildLiteBehavior [ RunTime:0.000018s ]
INFO: [ app_init ] --END-- [ RunTime:0.000266s ]
ERR: 无法加载模块:Public

[ 2016-07-31T11:11:37+08:00 ] 127.0.0.1 /Public/Uploads/Blog/2016-01-15/56990c8b202cd.jpg
INFO: [ app_init ] --START--
INFO: Run Behavior\BuildLiteBehavior [ RunTime:0.000018s ]
INFO: [ app_init ] --END-- [ RunTime:0.000271s ]
ERR: 无法加载模块:Public

[ 2016-07-31T11:12:59+08:00 ] 127.0.0.1 /Public/Uploads/Blog/2016-01-15/56990c8b202cd.jpg
INFO: [ app_init ] --START--
INFO: Run Behavior\BuildLiteBehavior [ RunTime:0.000018s ]
INFO: [ app_init ] --END-- [ RunTime:0.000242s ]
ERR: 无法加载模块:Public

[ 2016-07-31T11:12:59+08:00 ] 127.0.0.1 /Public/Uploads/Blog/2016-01-15/56990c9fb51b9.jpg
INFO: [ app_init ] --START--
INFO: Run Behavior\BuildLiteBehavior [ RunTime:0.000022s ]
INFO: [ app_init ] --END-- [ RunTime:0.000304s ]
ERR: 无法加载模块:Public

[ 2016-07-31T11:13:20+08:00 ] 127.0.0.1 /Public/Uploads/Blog/2016-01-15/56990c9fb51b9.jpg
INFO: [ app_init ] --START--
INFO: Run Behavior\BuildLiteBehavior [ RunTime:0.000032s ]
INFO: [ app_init ] --END-- [ RunTime:0.000463s ]
ERR: 无法加载模块:Public

[ 2016-07-31T11:13:20+08:00 ] 127.0.0.1 /Public/Uploads/Blog/2016-01-15/56990c8b202cd.jpg
INFO: [ app_init ] --START--
INFO: Run Behavior\BuildLiteBehavior [ RunTime:0.000018s ]
INFO: [ app_init ] --END-- [ RunTime:0.000268s ]
ERR: 无法加载模块:Public

[ 2016-07-31T11:13:20+08:00 ] 127.0.0.1 /Public/Uploads/Blog/2016-01-15/56990c9fb51b9.jpg
INFO: [ app_init ] --START--
INFO: Run Behavior\BuildLiteBehavior [ RunTime:0.000059s ]
INFO: [ app_init ] --END-- [ RunTime:0.000691s ]
ERR: 无法加载模块:Public

[ 2016-07-31T11:13:51+08:00 ] 127.0.0.1 /Public/Uploads/Blog/2016-01-15/56990c9fb51b9.jpg
INFO: [ app_init ] --START--
INFO: Run Behavior\BuildLiteBehavior [ RunTime:0.000053s ]
INFO: [ app_init ] --END-- [ RunTime:0.000339s ]
ERR: 无法加载模块:Public

[ 2016-07-31T11:13:51+08:00 ] 127.0.0.1 /Public/Uploads/Blog/2016-01-15/56990c8b202cd.jpg
INFO: [ app_init ] --START--
INFO: Run Behavior\BuildLiteBehavior [ RunTime:0.000017s ]
INFO: [ app_init ] --END-- [ RunTime:0.000230s ]
ERR: 无法加载模块:Public

[ 2016-07-31T11:13:51+08:00 ] 127.0.0.1 /Public/Uploads/Blog/2016-01-15/56990c9fb51b9.jpg
INFO: [ app_init ] --START--
INFO: Run Behavior\BuildLiteBehavior [ RunTime:0.000016s ]
INFO: [ app_init ] --END-- [ RunTime:0.000254s ]
ERR: 无法加载模块:Public

[ 2016-07-31T11:13:51+08:00 ] 127.0.0.1 /Public/Uploads/Blog/2016-01-15/56990c8b202cd.jpg
INFO: [ app_init ] --START--
INFO: Run Behavior\BuildLiteBehavior [ RunTime:0.000029s ]
INFO: [ app_init ] --END-- [ RunTime:0.000441s ]
ERR: 无法加载模块:Public

[ 2016-07-31T11:13:55+08:00 ] 127.0.0.1 /Public/Uploads/Blog/2016-01-15/56990c9fb51b9.jpg
INFO: [ app_init ] --START--
INFO: Run Behavior\BuildLiteBehavior [ RunTime:0.000017s ]
INFO: [ app_init ] --END-- [ RunTime:0.000245s ]
ERR: 无法加载模块:Public

[ 2016-07-31T11:13:55+08:00 ] 127.0.0.1 /Public/Uploads/Blog/2016-01-15/56990c8b202cd.jpg
INFO: [ app_init ] --START--
INFO: Run Behavior\BuildLiteBehavior [ RunTime:0.000025s ]
INFO: [ app_init ] --END-- [ RunTime:0.000438s ]
ERR: 无法加载模块:Public

[ 2016-07-31T11:13:55+08:00 ] 127.0.0.1 /Public/Uploads/Blog/2016-01-15/56990c9fb51b9.jpg
INFO: [ app_init ] --START--
INFO: Run Behavior\BuildLiteBehavior [ RunTime:0.000028s ]
INFO: [ app_init ] --END-- [ RunTime:0.000417s ]
ERR: 无法加载模块:Public

[ 2016-07-31T11:13:55+08:00 ] 127.0.0.1 /Public/Uploads/Blog/2016-01-15/56990c8b202cd.jpg
INFO: [ app_init ] --START--
INFO: Run Behavior\BuildLiteBehavior [ RunTime:0.000027s ]
INFO: [ app_init ] --END-- [ RunTime:0.000431s ]
ERR: 无法加载模块:Public

[ 2016-07-31T11:14:08+08:00 ] 127.0.0.1 /Public/Uploads/Blog/2016-01-15/56990c9fb51b9.jpg
INFO: [ app_init ] --START--
INFO: Run Behavior\BuildLiteBehavior [ RunTime:0.000032s ]
INFO: [ app_init ] --END-- [ RunTime:0.000358s ]
ERR: 无法加载模块:Public

[ 2016-07-31T11:14:08+08:00 ] 127.0.0.1 /Public/Uploads/Blog/2016-01-15/56990c8b202cd.jpg
INFO: [ app_init ] --START--
INFO: Run Behavior\BuildLiteBehavior [ RunTime:0.000018s ]
INFO: [ app_init ] --END-- [ RunTime:0.000270s ]
ERR: 无法加载模块:Public

[ 2016-07-31T11:14:08+08:00 ] 127.0.0.1 /Public/Uploads/Blog/2016-01-15/56990c9fb51b9.jpg
INFO: [ app_init ] --START--
INFO: Run Behavior\BuildLiteBehavior [ RunTime:0.000016s ]
INFO: [ app_init ] --END-- [ RunTime:0.000235s ]
ERR: 无法加载模块:Public

[ 2016-07-31T11:14:28+08:00 ] 127.0.0.1 /Public/Uploads/Blog/2016-01-15/56990c9fb51b9.jpg
INFO: [ app_init ] --START--
INFO: Run Behavior\BuildLiteBehavior [ RunTime:0.000030s ]
INFO: [ app_init ] --END-- [ RunTime:0.000389s ]
ERR: 无法加载模块:Public

[ 2016-07-31T11:14:28+08:00 ] 127.0.0.1 /Public/Uploads/Blog/2016-01-15/56990c8b202cd.jpg
INFO: [ app_init ] --START--
INFO: Run Behavior\BuildLiteBehavior [ RunTime:0.000031s ]
INFO: [ app_init ] --END-- [ RunTime:0.000667s ]
ERR: 无法加载模块:Public

[ 2016-07-31T11:14:31+08:00 ] 127.0.0.1 /Public/Uploads/Blog/2016-01-15/56990c9fb51b9.jpg
INFO: [ app_init ] --START--
INFO: Run Behavior\BuildLiteBehavior [ RunTime:0.000017s ]
INFO: [ app_init ] --END-- [ RunTime:0.000259s ]
ERR: 无法加载模块:Public

[ 2016-07-31T11:14:46+08:00 ] 127.0.0.1 /Public/Uploads/Blog/2016-01-15/56990c9fb51b9.jpg
INFO: [ app_init ] --START--
INFO: Run Behavior\BuildLiteBehavior [ RunTime:0.000018s ]
INFO: [ app_init ] --END-- [ RunTime:0.000251s ]
ERR: 无法加载模块:Public

[ 2016-07-31T11:14:46+08:00 ] 127.0.0.1 /Public/Uploads/Blog/2016-01-15/56990c8b202cd.jpg
INFO: [ app_init ] --START--
INFO: Run Behavior\BuildLiteBehavior [ RunTime:0.000020s ]
INFO: [ app_init ] --END-- [ RunTime:0.000347s ]
ERR: 无法加载模块:Public

