[ 2016-07-31T11:25:02+08:00 ] 127.0.0.1 /index.php/Admin/Index/ajaxtime
INFO: [ app_init ] --START--
INFO: Run Behavior\BuildLiteBehavior [ RunTime:0.000028s ]
INFO: [ app_init ] --END-- [ RunTime:0.000165s ]
ERR: 无法加载模块:Admin

[ 2016-07-31T11:25:03+08:00 ] 127.0.0.1 /index.php/Admin/Index/ajaxtime
INFO: [ app_init ] --START--
INFO: Run Behavior\BuildLiteBehavior [ RunTime:0.000019s ]
INFO: [ app_init ] --END-- [ RunTime:0.000255s ]
ERR: 无法加载模块:Admin

[ 2016-07-31T11:25:05+08:00 ] 127.0.0.1 /index.php/Admin/Index/ajaxtime
INFO: [ app_init ] --START--
INFO: Run Behavior\BuildLiteBehavior [ RunTime:0.000017s ]
INFO: [ app_init ] --END-- [ RunTime:0.000372s ]
ERR: 无法加载模块:Admin

[ 2016-07-31T11:25:07+08:00 ] 127.0.0.1 /index.php/Admin/Index/ajaxtime
INFO: [ app_init ] --START--
INFO: Run Behavior\BuildLiteBehavior [ RunTime:0.000017s ]
INFO: [ app_init ] --END-- [ RunTime:0.000243s ]
ERR: 无法加载模块:Admin

[ 2016-07-31T11:25:09+08:00 ] 127.0.0.1 /index.php/Admin/Index/ajaxtime
INFO: [ app_init ] --START--
INFO: Run Behavior\BuildLiteBehavior [ RunTime:0.000018s ]
INFO: [ app_init ] --END-- [ RunTime:0.000254s ]
ERR: 无法加载模块:Admin

[ 2016-07-31T11:25:11+08:00 ] 127.0.0.1 /index.php/Admin/Index/ajaxtime
INFO: [ app_init ] --START--
INFO: Run Behavior\BuildLiteBehavior [ RunTime:0.000018s ]
INFO: [ app_init ] --END-- [ RunTime:0.000247s ]
ERR: 无法加载模块:Admin

[ 2016-07-31T11:25:12+08:00 ] 127.0.0.1 /index.php/Admin/Index/ajaxtime
INFO: [ app_init ] --START--
INFO: Run Behavior\BuildLiteBehavior [ RunTime:0.000020s ]
INFO: [ app_init ] --END-- [ RunTime:0.000296s ]
ERR: 无法加载模块:Admin

[ 2016-07-31T11:25:14+08:00 ] 127.0.0.1 /index.php/Admin/Index/ajaxtime
INFO: [ app_init ] --START--
INFO: Run Behavior\BuildLiteBehavior [ RunTime:0.000017s ]
INFO: [ app_init ] --END-- [ RunTime:0.000246s ]
ERR: 无法加载模块:Admin

[ 2016-07-31T11:25:16+08:00 ] 127.0.0.1 /index.php/Admin/Index/ajaxtime
INFO: [ app_init ] --START--
INFO: Run Behavior\BuildLiteBehavior [ RunTime:0.000017s ]
INFO: [ app_init ] --END-- [ RunTime:0.000261s ]
ERR: 无法加载模块:Admin

[ 2016-07-31T11:25:18+08:00 ] 127.0.0.1 /index.php/Admin/Index/ajaxtime
INFO: [ app_init ] --START--
INFO: Run Behavior\BuildLiteBehavior [ RunTime:0.000017s ]
INFO: [ app_init ] --END-- [ RunTime:0.000245s ]
ERR: 无法加载模块:Admin

[ 2016-07-31T11:25:20+08:00 ] 127.0.0.1 /index.php/Admin/Index/ajaxtime
INFO: [ app_init ] --START--
INFO: Run Behavior\BuildLiteBehavior [ RunTime:0.000017s ]
INFO: [ app_init ] --END-- [ RunTime:0.000253s ]
ERR: 无法加载模块:Admin

[ 2016-07-31T11:25:22+08:00 ] 127.0.0.1 /index.php/Admin/Index/ajaxtime
INFO: [ app_init ] --START--
INFO: Run Behavior\BuildLiteBehavior [ RunTime:0.000020s ]
INFO: [ app_init ] --END-- [ RunTime:0.000278s ]
ERR: 无法加载模块:Admin

[ 2016-07-31T11:25:24+08:00 ] 127.0.0.1 /index.php/Admin/Index/ajaxtime
INFO: [ app_init ] --START--
INFO: Run Behavior\BuildLiteBehavior [ RunTime:0.000018s ]
INFO: [ app_init ] --END-- [ RunTime:0.000245s ]
ERR: 无法加载模块:Admin

[ 2016-07-31T11:25:25+08:00 ] 127.0.0.1 /index.php/Admin/Index/ajaxtime
INFO: [ app_init ] --START--
INFO: Run Behavior\BuildLiteBehavior [ RunTime:0.000017s ]
INFO: [ app_init ] --END-- [ RunTime:0.000255s ]
ERR: 无法加载模块:Admin

[ 2016-07-31T11:25:27+08:00 ] 127.0.0.1 /index.php/Admin/Index/ajaxtime
INFO: [ app_init ] --START--
INFO: Run Behavior\BuildLiteBehavior [ RunTime:0.000016s ]
INFO: [ app_init ] --END-- [ RunTime:0.000228s ]
ERR: 无法加载模块:Admin

[ 2016-07-31T11:25:29+08:00 ] 127.0.0.1 /index.php/Admin/Index/ajaxtime
INFO: [ app_init ] --START--
INFO: Run Behavior\BuildLiteBehavior [ RunTime:0.000018s ]
INFO: [ app_init ] --END-- [ RunTime:0.000250s ]
ERR: 无法加载模块:Admin

[ 2016-07-31T11:25:31+08:00 ] 127.0.0.1 /index.php/Admin/Index/ajaxtime
INFO: [ app_init ] --START--
INFO: Run Behavior\BuildLiteBehavior [ RunTime:0.000018s ]
INFO: [ app_init ] --END-- [ RunTime:0.000254s ]
ERR: 无法加载模块:Admin

[ 2016-07-31T11:25:33+08:00 ] 127.0.0.1 /index.php/Admin/Index/ajaxtime
INFO: [ app_init ] --START--
INFO: Run Behavior\BuildLiteBehavior [ RunTime:0.000018s ]
INFO: [ app_init ] --END-- [ RunTime:0.000252s ]
ERR: 无法加载模块:Admin

[ 2016-07-31T11:25:34+08:00 ] 127.0.0.1 /index.php/Admin/Index/ajaxtime
INFO: [ app_init ] --START--
INFO: Run Behavior\BuildLiteBehavior [ RunTime:0.000016s ]
INFO: [ app_init ] --END-- [ RunTime:0.000231s ]
ERR: 无法加载模块:Admin

[ 2016-07-31T11:25:36+08:00 ] 127.0.0.1 /index.php/Admin/Index/ajaxtime
INFO: [ app_init ] --START--
INFO: Run Behavior\BuildLiteBehavior [ RunTime:0.000017s ]
INFO: [ app_init ] --END-- [ RunTime:0.000248s ]
ERR: 无法加载模块:Admin

[ 2016-07-31T11:25:38+08:00 ] 127.0.0.1 /index.php/Admin/Index/ajaxtime
INFO: [ app_init ] --START--
INFO: Run Behavior\BuildLiteBehavior [ RunTime:0.000017s ]
INFO: [ app_init ] --END-- [ RunTime:0.000237s ]
ERR: 无法加载模块:Admin

[ 2016-07-31T11:25:40+08:00 ] 127.0.0.1 /index.php/Admin/Index/ajaxtime
INFO: [ app_init ] --START--
INFO: Run Behavior\BuildLiteBehavior [ RunTime:0.000017s ]
INFO: [ app_init ] --END-- [ RunTime:0.000246s ]
ERR: 无法加载模块:Admin

[ 2016-07-31T11:25:42+08:00 ] 127.0.0.1 /index.php/Admin/Index/ajaxtime
INFO: [ app_init ] --START--
INFO: Run Behavior\BuildLiteBehavior [ RunTime:0.000016s ]
INFO: [ app_init ] --END-- [ RunTime:0.000229s ]
ERR: 无法加载模块:Admin

[ 2016-07-31T11:25:43+08:00 ] 127.0.0.1 /index.php/Admin/Index/ajaxtime
INFO: [ app_init ] --START--
INFO: Run Behavior\BuildLiteBehavior [ RunTime:0.000021s ]
INFO: [ app_init ] --END-- [ RunTime:0.000355s ]
ERR: 无法加载模块:Admin

[ 2016-07-31T11:25:45+08:00 ] 127.0.0.1 /index.php/Admin/Index/ajaxtime
INFO: [ app_init ] --START--
INFO: Run Behavior\BuildLiteBehavior [ RunTime:0.000017s ]
INFO: [ app_init ] --END-- [ RunTime:0.000255s ]
ERR: 无法加载模块:Admin

[ 2016-07-31T11:25:47+08:00 ] 127.0.0.1 /index.php/Admin/Index/ajaxtime
INFO: [ app_init ] --START--
INFO: Run Behavior\BuildLiteBehavior [ RunTime:0.000020s ]
INFO: [ app_init ] --END-- [ RunTime:0.000236s ]
ERR: 无法加载模块:Admin

[ 2016-07-31T11:25:49+08:00 ] 127.0.0.1 /index.php/Admin/Index/ajaxtime
INFO: [ app_init ] --START--
INFO: Run Behavior\BuildLiteBehavior [ RunTime:0.000018s ]
INFO: [ app_init ] --END-- [ RunTime:0.000247s ]
ERR: 无法加载模块:Admin

[ 2016-07-31T11:25:51+08:00 ] 127.0.0.1 /index.php/Admin/Index/ajaxtime
INFO: [ app_init ] --START--
INFO: Run Behavior\BuildLiteBehavior [ RunTime:0.000017s ]
INFO: [ app_init ] --END-- [ RunTime:0.000245s ]
ERR: 无法加载模块:Admin

[ 2016-07-31T11:25:52+08:00 ] 127.0.0.1 /index.php/Admin/Index/ajaxtime
INFO: [ app_init ] --START--
INFO: Run Behavior\BuildLiteBehavior [ RunTime:0.000017s ]
INFO: [ app_init ] --END-- [ RunTime:0.000244s ]
ERR: 无法加载模块:Admin

[ 2016-07-31T11:25:54+08:00 ] 127.0.0.1 /index.php/Admin/Index/ajaxtime
INFO: [ app_init ] --START--
INFO: Run Behavior\BuildLiteBehavior [ RunTime:0.000017s ]
INFO: [ app_init ] --END-- [ RunTime:0.000258s ]
ERR: 无法加载模块:Admin

[ 2016-07-31T11:25:56+08:00 ] 127.0.0.1 /index.php/Admin/Index/ajaxtime
INFO: [ app_init ] --START--
INFO: Run Behavior\BuildLiteBehavior [ RunTime:0.000029s ]
INFO: [ app_init ] --END-- [ RunTime:0.000262s ]
ERR: 无法加载模块:Admin

[ 2016-07-31T11:25:57+08:00 ] 127.0.0.1 /index.php/Admin/Index/ajaxtime
INFO: [ app_init ] --START--
INFO: Run Behavior\BuildLiteBehavior [ RunTime:0.000017s ]
INFO: [ app_init ] --END-- [ RunTime:0.000243s ]
ERR: 无法加载模块:Admin

[ 2016-07-31T11:25:59+08:00 ] 127.0.0.1 /index.php/Admin/Index/ajaxtime
INFO: [ app_init ] --START--
INFO: Run Behavior\BuildLiteBehavior [ RunTime:0.000016s ]
INFO: [ app_init ] --END-- [ RunTime:0.000233s ]
ERR: 无法加载模块:Admin

[ 2016-07-31T11:25:59+08:00 ] 127.0.0.1 /index.php/Admin/Index/ajaxtime
INFO: [ app_init ] --START--
INFO: Run Behavior\BuildLiteBehavior [ RunTime:0.000016s ]
INFO: [ app_init ] --END-- [ RunTime:0.000230s ]
ERR: 无法加载模块:Admin

[ 2016-07-31T11:26:00+08:00 ] 127.0.0.1 /index.php/Admin/Index/ajaxtime
INFO: [ app_init ] --START--
INFO: Run Behavior\BuildLiteBehavior [ RunTime:0.000019s ]
INFO: [ app_init ] --END-- [ RunTime:0.000251s ]
ERR: 无法加载模块:Admin

[ 2016-07-31T11:26:02+08:00 ] 127.0.0.1 /index.php/Admin/Index/ajaxtime
INFO: [ app_init ] --START--
INFO: Run Behavior\BuildLiteBehavior [ RunTime:0.000017s ]
INFO: [ app_init ] --END-- [ RunTime:0.000246s ]
ERR: 无法加载模块:Admin

[ 2016-07-31T11:26:04+08:00 ] 127.0.0.1 /index.php/Admin/Index/ajaxtime
INFO: [ app_init ] --START--
INFO: Run Behavior\BuildLiteBehavior [ RunTime:0.000017s ]
INFO: [ app_init ] --END-- [ RunTime:0.000235s ]
ERR: 无法加载模块:Admin

[ 2016-07-31T11:26:06+08:00 ] 127.0.0.1 /index.php/Admin/Index/ajaxtime
INFO: [ app_init ] --START--
INFO: Run Behavior\BuildLiteBehavior [ RunTime:0.000017s ]
INFO: [ app_init ] --END-- [ RunTime:0.000229s ]
ERR: 无法加载模块:Admin

[ 2016-07-31T11:26:08+08:00 ] 127.0.0.1 /index.php/Admin/Index/ajaxtime
INFO: [ app_init ] --START--
INFO: Run Behavior\BuildLiteBehavior [ RunTime:0.000017s ]
INFO: [ app_init ] --END-- [ RunTime:0.000244s ]
ERR: 无法加载模块:Admin

[ 2016-07-31T11:26:10+08:00 ] 127.0.0.1 /index.php/Admin/Index/ajaxtime
INFO: [ app_init ] --START--
INFO: Run Behavior\BuildLiteBehavior [ RunTime:0.000018s ]
INFO: [ app_init ] --END-- [ RunTime:0.000245s ]
ERR: 无法加载模块:Admin

[ 2016-07-31T11:26:11+08:00 ] 127.0.0.1 /index.php/Admin/Index/ajaxtime
INFO: [ app_init ] --START--
INFO: Run Behavior\BuildLiteBehavior [ RunTime:0.000017s ]
INFO: [ app_init ] --END-- [ RunTime:0.000248s ]
ERR: 无法加载模块:Admin

[ 2016-07-31T11:26:13+08:00 ] 127.0.0.1 /index.php/Admin/Index/ajaxtime
INFO: [ app_init ] --START--
INFO: Run Behavior\BuildLiteBehavior [ RunTime:0.000018s ]
INFO: [ app_init ] --END-- [ RunTime:0.000248s ]
ERR: 无法加载模块:Admin

[ 2016-07-31T11:26:15+08:00 ] 127.0.0.1 /index.php/Admin/Index/ajaxtime
INFO: [ app_init ] --START--
INFO: Run Behavior\BuildLiteBehavior [ RunTime:0.000018s ]
INFO: [ app_init ] --END-- [ RunTime:0.000258s ]
ERR: 无法加载模块:Admin

[ 2016-07-31T11:26:17+08:00 ] 127.0.0.1 /index.php/Admin/Index/ajaxtime
INFO: [ app_init ] --START--
INFO: Run Behavior\BuildLiteBehavior [ RunTime:0.000017s ]
INFO: [ app_init ] --END-- [ RunTime:0.000246s ]
ERR: 无法加载模块:Admin

[ 2016-07-31T11:26:19+08:00 ] 127.0.0.1 /index.php/Admin/Index/ajaxtime
INFO: [ app_init ] --START--
INFO: Run Behavior\BuildLiteBehavior [ RunTime:0.000018s ]
INFO: [ app_init ] --END-- [ RunTime:0.000245s ]
ERR: 无法加载模块:Admin

[ 2016-07-31T11:26:21+08:00 ] 127.0.0.1 /index.php/Admin/Index/ajaxtime
INFO: [ app_init ] --START--
INFO: Run Behavior\BuildLiteBehavior [ RunTime:0.000017s ]
INFO: [ app_init ] --END-- [ RunTime:0.000247s ]
ERR: 无法加载模块:Admin

