[ 2016-04-09T21:55:07+08:00 ] 127.0.0.1 /Public/Uploads/Blog/2016-01-15/56990c8b202cd.jpg
INFO: [ app_init ] --START--
INFO: Run Behavior\BuildLiteBehavior [ RunTime:0.000037s ]
INFO: [ app_init ] --END-- [ RunTime:0.000757s ]
ERR: 无法加载模块:Public

[ 2016-04-09T21:55:07+08:00 ] 127.0.0.1 /Public/Uploads/Blog/2016-01-15/56990c9fb51b9.jpg
INFO: [ app_init ] --START--
INFO: Run Behavior\BuildLiteBehavior [ RunTime:0.000018s ]
INFO: [ app_init ] --END-- [ RunTime:0.000412s ]
ERR: 无法加载模块:Public

[ 2016-04-09T21:55:07+08:00 ] 127.0.0.1 /favicon.ico
INFO: [ app_init ] --START--
INFO: Run Behavior\BuildLiteBehavior [ RunTime:0.000023s ]
INFO: [ app_init ] --END-- [ RunTime:0.000462s ]
ERR: 无法加载模块:Favicon

[ 2016-04-09T21:55:07+08:00 ] 127.0.0.1 /favicon.ico
INFO: [ app_init ] --START--
INFO: Run Behavior\BuildLiteBehavior [ RunTime:0.000027s ]
INFO: [ app_init ] --END-- [ RunTime:0.000541s ]
ERR: 无法加载模块:Favicon

[ 2016-04-09T21:55:31+08:00 ] 127.0.0.1 /Public/Uploads/Blog/2016-01-15/56990c9fb51b9.jpg
INFO: [ app_init ] --START--
INFO: Run Behavior\BuildLiteBehavior [ RunTime:0.000078s ]
INFO: [ app_init ] --END-- [ RunTime:0.000700s ]
ERR: 无法加载模块:Public

[ 2016-04-09T21:55:31+08:00 ] 127.0.0.1 /Public/Uploads/Blog/2016-01-15/56990c8b202cd.jpg
INFO: [ app_init ] --START--
INFO: Run Behavior\BuildLiteBehavior [ RunTime:0.000010s ]
INFO: [ app_init ] --END-- [ RunTime:0.000186s ]
ERR: 无法加载模块:Public

[ 2016-04-09T21:55:46+08:00 ] 127.0.0.1 /Public/Uploads/Blog/2016-01-15/56990c9fb51b9.jpg
INFO: [ app_init ] --START--
INFO: Run Behavior\BuildLiteBehavior [ RunTime:0.000010s ]
INFO: [ app_init ] --END-- [ RunTime:0.000220s ]
ERR: 无法加载模块:Public

[ 2016-04-09T21:55:46+08:00 ] 127.0.0.1 /Public/Uploads/Blog/2016-01-15/56990c8b202cd.jpg
INFO: [ app_init ] --START--
INFO: Run Behavior\BuildLiteBehavior [ RunTime:0.000013s ]
INFO: [ app_init ] --END-- [ RunTime:0.000286s ]
ERR: 无法加载模块:Public

[ 2016-04-09T21:55:47+08:00 ] 127.0.0.1 /Public/Uploads/Blog/2016-01-15/56990c9fb51b9.jpg
INFO: [ app_init ] --START--
INFO: Run Behavior\BuildLiteBehavior [ RunTime:0.000008s ]
INFO: [ app_init ] --END-- [ RunTime:0.000168s ]
ERR: 无法加载模块:Public

[ 2016-04-09T21:55:47+08:00 ] 127.0.0.1 /Public/Uploads/Blog/2016-01-15/56990c8b202cd.jpg
INFO: [ app_init ] --START--
INFO: Run Behavior\BuildLiteBehavior [ RunTime:0.000021s ]
INFO: [ app_init ] --END-- [ RunTime:0.000402s ]
ERR: 无法加载模块:Public

[ 2016-04-09T21:55:49+08:00 ] 127.0.0.1 /Public/Uploads/Blog/2016-01-15/56990c9fb51b9.jpg
INFO: [ app_init ] --START--
INFO: Run Behavior\BuildLiteBehavior [ RunTime:0.000009s ]
INFO: [ app_init ] --END-- [ RunTime:0.000171s ]
ERR: 无法加载模块:Public

[ 2016-04-09T21:55:49+08:00 ] 127.0.0.1 /Public/Uploads/Blog/2016-01-15/56990c8b202cd.jpg
INFO: [ app_init ] --START--
INFO: Run Behavior\BuildLiteBehavior [ RunTime:0.000014s ]
INFO: [ app_init ] --END-- [ RunTime:0.000233s ]
ERR: 无法加载模块:Public

[ 2016-04-09T22:07:34+08:00 ] 127.0.0.1 /Public/Uploads/Blog/2016-01-15/56990c9fb51b9.jpg
INFO: [ app_init ] --START--
INFO: Run Behavior\BuildLiteBehavior [ RunTime:0.000009s ]
INFO: [ app_init ] --END-- [ RunTime:0.000188s ]
ERR: 无法加载模块:Public

[ 2016-04-09T22:07:34+08:00 ] 127.0.0.1 /Public/Uploads/Blog/2016-01-15/56990c8b202cd.jpg
INFO: [ app_init ] --START--
INFO: Run Behavior\BuildLiteBehavior [ RunTime:0.000013s ]
INFO: [ app_init ] --END-- [ RunTime:0.000312s ]
ERR: 无法加载模块:Public

[ 2016-04-09T22:07:57+08:00 ] 127.0.0.1 /Public/Uploads/Blog/2016-01-15/56990c9fb51b9.jpg
INFO: [ app_init ] --START--
INFO: Run Behavior\BuildLiteBehavior [ RunTime:0.000010s ]
INFO: [ app_init ] --END-- [ RunTime:0.000206s ]
ERR: 无法加载模块:Public

[ 2016-04-09T22:07:57+08:00 ] 127.0.0.1 /Public/Uploads/Blog/2016-01-15/56990c8b202cd.jpg
INFO: [ app_init ] --START--
INFO: Run Behavior\BuildLiteBehavior [ RunTime:0.000010s ]
INFO: [ app_init ] --END-- [ RunTime:0.000203s ]
ERR: 无法加载模块:Public

[ 2016-04-09T22:08:51+08:00 ] 127.0.0.1 /Public/Uploads/Blog/2016-01-15/56990c9fb51b9.jpg
INFO: [ app_init ] --START--
INFO: Run Behavior\BuildLiteBehavior [ RunTime:0.000021s ]
INFO: [ app_init ] --END-- [ RunTime:0.000315s ]
ERR: 无法加载模块:Public

[ 2016-04-09T22:08:51+08:00 ] 127.0.0.1 /Public/Uploads/Blog/2016-01-15/56990c8b202cd.jpg
INFO: [ app_init ] --START--
INFO: Run Behavior\BuildLiteBehavior [ RunTime:0.000017s ]
INFO: [ app_init ] --END-- [ RunTime:0.000329s ]
ERR: 无法加载模块:Public

[ 2016-04-09T22:11:09+08:00 ] 127.0.0.1 /Public/Uploads/Blog/2016-01-15/56990c9fb51b9.jpg
INFO: [ app_init ] --START--
INFO: Run Behavior\BuildLiteBehavior [ RunTime:0.000018s ]
INFO: [ app_init ] --END-- [ RunTime:0.000291s ]
ERR: 无法加载模块:Public

[ 2016-04-09T22:11:09+08:00 ] 127.0.0.1 /Public/Uploads/Blog/2016-01-15/56990c8b202cd.jpg
INFO: [ app_init ] --START--
INFO: Run Behavior\BuildLiteBehavior [ RunTime:0.000017s ]
INFO: [ app_init ] --END-- [ RunTime:0.000276s ]
ERR: 无法加载模块:Public

[ 2016-04-09T22:11:33+08:00 ] 127.0.0.1 /Public/Uploads/Blog/2016-01-15/56990c9fb51b9.jpg
INFO: [ app_init ] --START--
INFO: Run Behavior\BuildLiteBehavior [ RunTime:0.000013s ]
INFO: [ app_init ] --END-- [ RunTime:0.000296s ]
ERR: 无法加载模块:Public

[ 2016-04-09T22:11:33+08:00 ] 127.0.0.1 /Public/Uploads/Blog/2016-01-15/56990c8b202cd.jpg
INFO: [ app_init ] --START--
INFO: Run Behavior\BuildLiteBehavior [ RunTime:0.000010s ]
INFO: [ app_init ] --END-- [ RunTime:0.000190s ]
ERR: 无法加载模块:Public

[ 2016-04-09T22:11:53+08:00 ] 127.0.0.1 /Public/Uploads/Blog/2016-01-15/56990c9fb51b9.jpg
INFO: [ app_init ] --START--
INFO: Run Behavior\BuildLiteBehavior [ RunTime:0.000024s ]
INFO: [ app_init ] --END-- [ RunTime:0.000437s ]
ERR: 无法加载模块:Public

[ 2016-04-09T22:11:58+08:00 ] 127.0.0.1 /Public/Uploads/Blog/2016-01-15/56990c9fb51b9.jpg
INFO: [ app_init ] --START--
INFO: Run Behavior\BuildLiteBehavior [ RunTime:0.000018s ]
INFO: [ app_init ] --END-- [ RunTime:0.000309s ]
ERR: 无法加载模块:Public

[ 2016-04-09T22:12:00+08:00 ] 127.0.0.1 /Public/Uploads/Blog/2016-01-15/56990c8b202cd.jpg
INFO: [ app_init ] --START--
INFO: Run Behavior\BuildLiteBehavior [ RunTime:0.000016s ]
INFO: [ app_init ] --END-- [ RunTime:0.000326s ]
ERR: 无法加载模块:Public

[ 2016-04-09T22:12:36+08:00 ] 127.0.0.1 /Public/Uploads/Blog/2016-01-15/56990c9fb51b9.jpg
INFO: [ app_init ] --START--
INFO: Run Behavior\BuildLiteBehavior [ RunTime:0.000016s ]
INFO: [ app_init ] --END-- [ RunTime:0.000262s ]
ERR: 无法加载模块:Public

[ 2016-04-09T22:12:36+08:00 ] 127.0.0.1 /Public/Uploads/Blog/2016-01-15/56990c8b202cd.jpg
INFO: [ app_init ] --START--
INFO: Run Behavior\BuildLiteBehavior [ RunTime:0.000018s ]
INFO: [ app_init ] --END-- [ RunTime:0.000311s ]
ERR: 无法加载模块:Public

