[ 2016-03-22T10:50:36+08:00 ] 127.0.0.1 /
INFO: [ app_init ] --START--
INFO: Run Behavior\BuildLiteBehavior [ RunTime:0.000033s ]
INFO: [ app_init ] --END-- [ RunTime:0.000515s ]
INFO: [ app_begin ] --START--
INFO: Run Behavior\ReadHtmlCacheBehavior [ RunTime:0.000501s ]
INFO: [ app_begin ] --END-- [ RunTime:0.000552s ]
NOTIC: [8] A session had already been started - ignoring session_start() /Library/WebServer/Documents/myblog/ThinkPHP/Common/functions.php 第 1263 行.
SQL: SHOW COLUMNS FROM `love_blog` [ RunTime:0.0134s ]
SQL: SHOW COLUMNS FROM `love_blog` [ RunTime:0.0006s ]
SQL: SELECT * FROM `love_blog` ORDER BY id DESC LIMIT 3   [ RunTime:0.0021s ]
SQL: SHOW COLUMNS FROM `love_gallery` [ RunTime:0.0033s ]
SQL: SHOW COLUMNS FROM `love_gallery` [ RunTime:0.0009s ]
SQL: SELECT * FROM `love_gallery` ORDER BY id desc LIMIT 6   [ RunTime:0.0005s ]
INFO: [ view_parse ] --START--
INFO: [ template_filter ] --START--
INFO: Run Behavior\ContentReplaceBehavior [ RunTime:0.000038s ]
INFO: [ template_filter ] --END-- [ RunTime:0.000076s ]
INFO: Run Behavior\ParseTemplateBehavior [ RunTime:0.035415s ]
INFO: [ view_parse ] --END-- [ RunTime:0.035491s ]
INFO: [ view_filter ] --START--
INFO: Run Behavior\WriteHtmlCacheBehavior [ RunTime:0.000381s ]
INFO: [ view_filter ] --END-- [ RunTime:0.000413s ]
INFO: [ app_end ] --START--
INFO: Run Behavior\ShowPageTraceBehavior [ RunTime:0.000554s ]
INFO: [ app_end ] --END-- [ RunTime:0.000597s ]

