[ 2016-05-29T14:44:58+08:00 ] 127.0.0.1 /
INFO: [ app_init ] --START--
INFO: Run Behavior\BuildLiteBehavior [ RunTime:0.000019s ]
INFO: [ app_init ] --END-- [ RunTime:0.000442s ]
INFO: [ app_begin ] --START--
INFO: Run Behavior\ReadHtmlCacheBehavior [ RunTime:0.000488s ]
INFO: [ app_begin ] --END-- [ RunTime:0.000567s ]
NOTIC: [8] A session had already been started - ignoring session_start() /Library/WebServer/Documents/myblog/ThinkPHP/Common/functions.php 第 1263 行.
SQL: SHOW COLUMNS FROM `love_blog` [ RunTime:0.0017s ]
SQL: SHOW COLUMNS FROM `love_blog` [ RunTime:0.0005s ]
SQL: SELECT * FROM `love_blog` ORDER BY id DESC LIMIT 3   [ RunTime:0.0014s ]
SQL: SHOW COLUMNS FROM `love_gallery` [ RunTime:0.0023s ]
SQL: SHOW COLUMNS FROM `love_gallery` [ RunTime:0.0005s ]
SQL: SELECT * FROM `love_gallery` ORDER BY id desc LIMIT 6   [ RunTime:0.0002s ]
INFO: [ view_parse ] --START--
INFO: [ template_filter ] --START--
INFO: Run Behavior\ContentReplaceBehavior [ RunTime:0.000057s ]
INFO: [ template_filter ] --END-- [ RunTime:0.000137s ]
INFO: Run Behavior\ParseTemplateBehavior [ RunTime:0.034433s ]
INFO: [ view_parse ] --END-- [ RunTime:0.034514s ]
INFO: [ view_filter ] --START--
INFO: Run Behavior\WriteHtmlCacheBehavior [ RunTime:0.000371s ]
INFO: [ view_filter ] --END-- [ RunTime:0.000450s ]
INFO: [ app_end ] --START--
INFO: Run Behavior\ShowPageTraceBehavior [ RunTime:0.000704s ]
INFO: [ app_end ] --END-- [ RunTime:0.000831s ]

