[ 2016-03-18T18:19:20+08:00 ] 127.0.0.1 /
INFO: [ app_init ] --START--
INFO: Run Behavior\BuildLiteBehavior [ RunTime:0.000029s ]
INFO: [ app_init ] --END-- [ RunTime:0.000459s ]
INFO: [ app_begin ] --START--
INFO: Run Behavior\ReadHtmlCacheBehavior [ RunTime:0.000528s ]
INFO: [ app_begin ] --END-- [ RunTime:0.000617s ]
NOTIC: [8] A session had already been started - ignoring session_start() /Library/WebServer/Documents/myblog/ThinkPHP/Common/functions.php 第 1263 行.
SQL: SHOW COLUMNS FROM `love_blog` [ RunTime:0.0160s ]
SQL: SHOW COLUMNS FROM `love_blog` [ RunTime:0.0009s ]
SQL: SELECT * FROM `love_blog` ORDER BY id DESC LIMIT 3   [ RunTime:0.0018s ]
SQL: SHOW COLUMNS FROM `love_gallery` [ RunTime:0.0020s ]
SQL: SHOW COLUMNS FROM `love_gallery` [ RunTime:0.0008s ]
SQL: SELECT * FROM `love_gallery` ORDER BY id desc LIMIT 6   [ RunTime:0.0003s ]
INFO: [ view_parse ] --START--
INFO: [ template_filter ] --START--
INFO: Run Behavior\ContentReplaceBehavior [ RunTime:0.000063s ]
INFO: [ template_filter ] --END-- [ RunTime:0.000128s ]
INFO: Run Behavior\ParseTemplateBehavior [ RunTime:0.028422s ]
INFO: [ view_parse ] --END-- [ RunTime:0.028569s ]
INFO: [ view_filter ] --START--
INFO: Run Behavior\WriteHtmlCacheBehavior [ RunTime:0.000496s ]
INFO: [ view_filter ] --END-- [ RunTime:0.000601s ]
INFO: [ app_end ] --START--
INFO: Run Behavior\ShowPageTraceBehavior [ RunTime:0.001443s ]
INFO: [ app_end ] --END-- [ RunTime:0.001613s ]

[ 2016-03-18T18:22:28+08:00 ] 127.0.0.1 /
INFO: [ app_init ] --START--
INFO: Run Behavior\BuildLiteBehavior [ RunTime:0.000016s ]
INFO: [ app_init ] --END-- [ RunTime:0.000273s ]
INFO: [ app_begin ] --START--
INFO: Run Behavior\ReadHtmlCacheBehavior [ RunTime:0.000361s ]
INFO: [ app_begin ] --END-- [ RunTime:0.000398s ]
NOTIC: [8] A session had already been started - ignoring session_start() /Library/WebServer/Documents/myblog/ThinkPHP/Common/functions.php 第 1263 行.
SQL: SHOW COLUMNS FROM `love_blog` [ RunTime:0.0006s ]
SQL: SHOW COLUMNS FROM `love_blog` [ RunTime:0.0005s ]
SQL: SELECT * FROM `love_blog` ORDER BY id DESC LIMIT 3   [ RunTime:0.0003s ]
SQL: SHOW COLUMNS FROM `love_gallery` [ RunTime:0.0005s ]
SQL: SHOW COLUMNS FROM `love_gallery` [ RunTime:0.0003s ]
SQL: SELECT * FROM `love_gallery` ORDER BY id desc LIMIT 6   [ RunTime:0.0002s ]
INFO: [ view_parse ] --START--
INFO: [ template_filter ] --START--
INFO: Run Behavior\ContentReplaceBehavior [ RunTime:0.000066s ]
INFO: [ template_filter ] --END-- [ RunTime:0.000136s ]
INFO: Run Behavior\ParseTemplateBehavior [ RunTime:0.009186s ]
INFO: [ view_parse ] --END-- [ RunTime:0.009230s ]
INFO: [ view_filter ] --START--
INFO: Run Behavior\WriteHtmlCacheBehavior [ RunTime:0.000110s ]
INFO: [ view_filter ] --END-- [ RunTime:0.000131s ]
INFO: [ app_end ] --START--
INFO: Run Behavior\ShowPageTraceBehavior [ RunTime:0.000369s ]
INFO: [ app_end ] --END-- [ RunTime:0.000406s ]

[ 2016-03-18T22:39:56+08:00 ] 127.0.0.1 /
INFO: [ app_init ] --START--
INFO: Run Behavior\BuildLiteBehavior [ RunTime:0.000061s ]
INFO: [ app_init ] --END-- [ RunTime:0.000946s ]
INFO: [ app_begin ] --START--
INFO: Run Behavior\ReadHtmlCacheBehavior [ RunTime:0.000821s ]
INFO: [ app_begin ] --END-- [ RunTime:0.000896s ]
NOTIC: [8] A session had already been started - ignoring session_start() /Library/WebServer/Documents/myblog/ThinkPHP/Common/functions.php 第 1263 行.
SQL: SHOW COLUMNS FROM `love_blog` [ RunTime:0.0085s ]
SQL: SHOW COLUMNS FROM `love_blog` [ RunTime:0.0004s ]
SQL: SELECT * FROM `love_blog` ORDER BY id DESC LIMIT 3   [ RunTime:0.0013s ]
SQL: SHOW COLUMNS FROM `love_gallery` [ RunTime:0.0020s ]
SQL: SHOW COLUMNS FROM `love_gallery` [ RunTime:0.0007s ]
SQL: SELECT * FROM `love_gallery` ORDER BY id desc LIMIT 6   [ RunTime:0.0003s ]
INFO: [ view_parse ] --START--
INFO: [ template_filter ] --START--
INFO: Run Behavior\ContentReplaceBehavior [ RunTime:0.000039s ]
INFO: [ template_filter ] --END-- [ RunTime:0.000079s ]
INFO: Run Behavior\ParseTemplateBehavior [ RunTime:0.033003s ]
INFO: [ view_parse ] --END-- [ RunTime:0.033080s ]
INFO: [ view_filter ] --START--
INFO: Run Behavior\WriteHtmlCacheBehavior [ RunTime:0.000395s ]
INFO: [ view_filter ] --END-- [ RunTime:0.000427s ]
INFO: [ app_end ] --START--
INFO: Run Behavior\ShowPageTraceBehavior [ RunTime:0.000624s ]
INFO: [ app_end ] --END-- [ RunTime:0.000675s ]

[ 2016-03-18T22:52:20+08:00 ] 127.0.0.1 /
INFO: [ app_init ] --START--
INFO: Run Behavior\BuildLiteBehavior [ RunTime:0.000017s ]
INFO: [ app_init ] --END-- [ RunTime:0.000246s ]
INFO: [ app_begin ] --START--
INFO: Run Behavior\ReadHtmlCacheBehavior [ RunTime:0.000288s ]
INFO: [ app_begin ] --END-- [ RunTime:0.000323s ]
NOTIC: [8] A session had already been started - ignoring session_start() /Library/WebServer/Documents/myblog/ThinkPHP/Common/functions.php 第 1263 行.
SQL: SHOW COLUMNS FROM `love_blog` [ RunTime:0.0006s ]
SQL: SHOW COLUMNS FROM `love_blog` [ RunTime:0.0004s ]
SQL: SELECT * FROM `love_blog` ORDER BY id DESC LIMIT 3   [ RunTime:0.0003s ]
SQL: SHOW COLUMNS FROM `love_gallery` [ RunTime:0.0005s ]
SQL: SHOW COLUMNS FROM `love_gallery` [ RunTime:0.0004s ]
SQL: SELECT * FROM `love_gallery` ORDER BY id desc LIMIT 6   [ RunTime:0.0002s ]
INFO: [ view_parse ] --START--
INFO: [ template_filter ] --START--
INFO: Run Behavior\ContentReplaceBehavior [ RunTime:0.000036s ]
INFO: [ template_filter ] --END-- [ RunTime:0.000072s ]
INFO: Run Behavior\ParseTemplateBehavior [ RunTime:0.006579s ]
INFO: [ view_parse ] --END-- [ RunTime:0.006629s ]
INFO: [ view_filter ] --START--
INFO: Run Behavior\WriteHtmlCacheBehavior [ RunTime:0.000103s ]
INFO: [ view_filter ] --END-- [ RunTime:0.000124s ]
INFO: [ app_end ] --START--
INFO: Run Behavior\ShowPageTraceBehavior [ RunTime:0.000415s ]
INFO: [ app_end ] --END-- [ RunTime:0.000473s ]

[ 2016-03-18T23:23:29+08:00 ] 127.0.0.1 /
INFO: [ app_init ] --START--
INFO: Run Behavior\BuildLiteBehavior [ RunTime:0.000107s ]
INFO: [ app_init ] --END-- [ RunTime:0.001464s ]
INFO: [ app_begin ] --START--
INFO: Run Behavior\ReadHtmlCacheBehavior [ RunTime:0.000748s ]
INFO: [ app_begin ] --END-- [ RunTime:0.000875s ]
NOTIC: [8] A session had already been started - ignoring session_start() /Library/WebServer/Documents/myblog/ThinkPHP/Common/functions.php 第 1263 行.
SQL: SHOW COLUMNS FROM `love_blog` [ RunTime:0.0012s ]
SQL: SHOW COLUMNS FROM `love_blog` [ RunTime:0.0007s ]
SQL: SELECT * FROM `love_blog` ORDER BY id DESC LIMIT 3   [ RunTime:0.0004s ]
SQL: SHOW COLUMNS FROM `love_gallery` [ RunTime:0.0008s ]
SQL: SHOW COLUMNS FROM `love_gallery` [ RunTime:0.0004s ]
SQL: SELECT * FROM `love_gallery` ORDER BY id desc LIMIT 6   [ RunTime:0.0002s ]
INFO: [ view_parse ] --START--
INFO: [ template_filter ] --START--
INFO: Run Behavior\ContentReplaceBehavior [ RunTime:0.000036s ]
INFO: [ template_filter ] --END-- [ RunTime:0.000071s ]
INFO: Run Behavior\ParseTemplateBehavior [ RunTime:0.007993s ]
INFO: [ view_parse ] --END-- [ RunTime:0.008032s ]
INFO: [ view_filter ] --START--
INFO: Run Behavior\WriteHtmlCacheBehavior [ RunTime:0.000102s ]
INFO: [ view_filter ] --END-- [ RunTime:0.000123s ]
INFO: [ app_end ] --START--
INFO: Run Behavior\ShowPageTraceBehavior [ RunTime:0.000488s ]
INFO: [ app_end ] --END-- [ RunTime:0.000539s ]

[ 2016-03-18T23:23:31+08:00 ] 127.0.0.1 /
INFO: [ app_init ] --START--
INFO: Run Behavior\BuildLiteBehavior [ RunTime:0.000008s ]
INFO: [ app_init ] --END-- [ RunTime:0.000179s ]
INFO: [ app_begin ] --START--
INFO: Run Behavior\ReadHtmlCacheBehavior [ RunTime:0.000220s ]
INFO: [ app_begin ] --END-- [ RunTime:0.000247s ]
NOTIC: [8] A session had already been started - ignoring session_start() /Library/WebServer/Documents/myblog/ThinkPHP/Common/functions.php 第 1263 行.
SQL: SHOW COLUMNS FROM `love_blog` [ RunTime:0.0005s ]
SQL: SHOW COLUMNS FROM `love_blog` [ RunTime:0.0004s ]
SQL: SELECT * FROM `love_blog` ORDER BY id DESC LIMIT 3   [ RunTime:0.0003s ]
SQL: SHOW COLUMNS FROM `love_gallery` [ RunTime:0.0005s ]
SQL: SHOW COLUMNS FROM `love_gallery` [ RunTime:0.0003s ]
SQL: SELECT * FROM `love_gallery` ORDER BY id desc LIMIT 6   [ RunTime:0.0002s ]
INFO: [ view_parse ] --START--
INFO: [ template_filter ] --START--
INFO: Run Behavior\ContentReplaceBehavior [ RunTime:0.000024s ]
INFO: [ template_filter ] --END-- [ RunTime:0.000053s ]
INFO: Run Behavior\ParseTemplateBehavior [ RunTime:0.005380s ]
INFO: [ view_parse ] --END-- [ RunTime:0.005407s ]
INFO: [ view_filter ] --START--
INFO: Run Behavior\WriteHtmlCacheBehavior [ RunTime:0.000083s ]
INFO: [ view_filter ] --END-- [ RunTime:0.000102s ]
INFO: [ app_end ] --START--
INFO: Run Behavior\ShowPageTraceBehavior [ RunTime:0.000331s ]
INFO: [ app_end ] --END-- [ RunTime:0.000364s ]

