[ 2016-03-17T10:48:52+08:00 ] ::1 /myblog/index.php
INFO: [ app_init ] --START--
INFO: Run Behavior\BuildLiteBehavior [ RunTime:0.000008s ]
INFO: [ app_init ] --END-- [ RunTime:0.000181s ]
INFO: [ app_begin ] --START--
INFO: Run Behavior\ReadHtmlCacheBehavior [ RunTime:0.000228s ]
INFO: [ app_begin ] --END-- [ RunTime:0.000255s ]
SQL: SHOW COLUMNS FROM `love_blog` [ RunTime:0.0005s ]
SQL: SHOW COLUMNS FROM `love_blog` [ RunTime:0.0004s ]
SQL: SELECT * FROM `love_blog` ORDER BY id DESC LIMIT 3   [ RunTime:0.0003s ]
SQL: SHOW COLUMNS FROM `love_gallery` [ RunTime:0.0004s ]
SQL: SHOW COLUMNS FROM `love_gallery` [ RunTime:0.0004s ]
SQL: SELECT * FROM `love_gallery` ORDER BY id desc LIMIT 6   [ RunTime:0.0002s ]
INFO: [ view_parse ] --START--
INFO: [ template_filter ] --START--
INFO: Run Behavior\ContentReplaceBehavior [ RunTime:0.000040s ]
INFO: [ template_filter ] --END-- [ RunTime:0.000077s ]
INFO: Run Behavior\ParseTemplateBehavior [ RunTime:0.006238s ]
INFO: [ view_parse ] --END-- [ RunTime:0.006269s ]
INFO: [ view_filter ] --START--
INFO: Run Behavior\WriteHtmlCacheBehavior [ RunTime:0.000515s ]
INFO: [ view_filter ] --END-- [ RunTime:0.000552s ]
INFO: [ app_end ] --START--
INFO: Run Behavior\ShowPageTraceBehavior [ RunTime:0.000703s ]
INFO: [ app_end ] --END-- [ RunTime:0.000749s ]

[ 2016-03-17T10:57:59+08:00 ] ::1 /myblog/index.php/
INFO: [ app_init ] --START--
INFO: Run Behavior\BuildLiteBehavior [ RunTime:0.000008s ]
INFO: [ app_init ] --END-- [ RunTime:0.000172s ]
INFO: [ app_begin ] --START--
INFO: Run Behavior\ReadHtmlCacheBehavior [ RunTime:0.000222s ]
INFO: [ app_begin ] --END-- [ RunTime:0.000249s ]
SQL: SHOW COLUMNS FROM `love_blog` [ RunTime:0.0011s ]
SQL: SHOW COLUMNS FROM `love_blog` [ RunTime:0.0004s ]
SQL: SELECT * FROM `love_blog` ORDER BY id DESC LIMIT 3   [ RunTime:0.0003s ]
SQL: SHOW COLUMNS FROM `love_gallery` [ RunTime:0.0005s ]
SQL: SHOW COLUMNS FROM `love_gallery` [ RunTime:0.0004s ]
SQL: SELECT * FROM `love_gallery` ORDER BY id desc LIMIT 6   [ RunTime:0.0002s ]
INFO: [ view_parse ] --START--
INFO: [ template_filter ] --START--
INFO: Run Behavior\ContentReplaceBehavior [ RunTime:0.000026s ]
INFO: [ template_filter ] --END-- [ RunTime:0.000056s ]
INFO: Run Behavior\ParseTemplateBehavior [ RunTime:0.005439s ]
INFO: [ view_parse ] --END-- [ RunTime:0.005468s ]
INFO: [ view_filter ] --START--
INFO: Run Behavior\WriteHtmlCacheBehavior [ RunTime:0.000097s ]
INFO: [ view_filter ] --END-- [ RunTime:0.000117s ]
INFO: [ app_end ] --START--
INFO: Run Behavior\ShowPageTraceBehavior [ RunTime:0.000372s ]
INFO: [ app_end ] --END-- [ RunTime:0.000421s ]

[ 2016-03-17T10:59:34+08:00 ] ::1 /myblog/index.php/
INFO: [ app_init ] --START--
INFO: Run Behavior\BuildLiteBehavior [ RunTime:0.000009s ]
INFO: [ app_init ] --END-- [ RunTime:0.000190s ]
INFO: [ app_begin ] --START--
INFO: Run Behavior\ReadHtmlCacheBehavior [ RunTime:0.000372s ]
INFO: [ app_begin ] --END-- [ RunTime:0.000414s ]
SQL: SHOW COLUMNS FROM `love_blog` [ RunTime:0.0005s ]
SQL: SHOW COLUMNS FROM `love_blog` [ RunTime:0.0004s ]
SQL: SELECT * FROM `love_blog` ORDER BY id DESC LIMIT 3   [ RunTime:0.0003s ]
SQL: SHOW COLUMNS FROM `love_gallery` [ RunTime:0.0005s ]
SQL: SHOW COLUMNS FROM `love_gallery` [ RunTime:0.0003s ]
SQL: SELECT * FROM `love_gallery` ORDER BY id desc LIMIT 6   [ RunTime:0.0002s ]
INFO: [ view_parse ] --START--
INFO: [ template_filter ] --START--
INFO: Run Behavior\ContentReplaceBehavior [ RunTime:0.000026s ]
INFO: [ template_filter ] --END-- [ RunTime:0.000057s ]
INFO: Run Behavior\ParseTemplateBehavior [ RunTime:0.005452s ]
INFO: [ view_parse ] --END-- [ RunTime:0.005481s ]
INFO: [ view_filter ] --START--
INFO: Run Behavior\WriteHtmlCacheBehavior [ RunTime:0.000092s ]
INFO: [ view_filter ] --END-- [ RunTime:0.000112s ]
INFO: [ app_end ] --START--
INFO: Run Behavior\ShowPageTraceBehavior [ RunTime:0.000390s ]
INFO: [ app_end ] --END-- [ RunTime:0.000427s ]

